[0.184s] DEBUG:colcon:Command line arguments: ['/usr/bin/colcon', 'build']
[0.184s] DEBUG:colcon:Parsed command line arguments: Namespace(log_base=None, log_level=None, verb_name='build', build_base='build', install_base='install', merge_install=False, symlink_install=False, test_result_base=None, continue_on_error=False, executor='parallel', parallel_workers=4, event_handlers=None, ignore_user_meta=False, metas=['./colcon.meta'], base_paths=['.'], packages_ignore=None, packages_ignore_regex=None, paths=None, packages_up_to=None, packages_up_to_regex=None, packages_above=None, packages_above_and_dependencies=None, packages_above_depth=None, packages_select_by_dep=None, packages_skip_by_dep=None, packages_skip_up_to=None, packages_select_build_failed=False, packages_skip_build_finished=False, packages_select_test_failures=False, packages_skip_test_passed=False, packages_select=None, packages_skip=None, packages_select_regex=None, packages_skip_regex=None, packages_start=None, packages_end=None, allow_overriding=[], cmake_args=None, cmake_target=None, cmake_target_skip_unavailable=False, cmake_clean_cache=False, cmake_clean_first=False, cmake_force_configure=False, ament_cmake_args=None, catkin_cmake_args=None, catkin_skip_building_tests=False, mixin_files=None, mixin=None, verb_parser=<colcon_mixin.mixin.mixin_argument.MixinArgumentDecorator object at 0x7c400502ae30>, verb_extension=<colcon_core.verb.build.BuildVerb object at 0x7c4005123b80>, main=<bound method BuildVerb.main of <colcon_core.verb.build.BuildVerb object at 0x7c4005123b80>>, mixin_verb=('build',))
[0.508s] Level 1:colcon.colcon_core.package_discovery:discover_packages(colcon_meta) check parameters
[0.508s] Level 1:colcon.colcon_core.package_discovery:discover_packages(recursive) check parameters
[0.508s] Level 1:colcon.colcon_core.package_discovery:discover_packages(ignore) check parameters
[0.508s] Level 1:colcon.colcon_core.package_discovery:discover_packages(path) check parameters
[0.508s] Level 1:colcon.colcon_core.package_discovery:discover_packages(colcon_meta) discover
[0.508s] Level 1:colcon.colcon_core.package_discovery:discover_packages(recursive) discover
[0.508s] INFO:colcon.colcon_core.package_discovery:Crawling recursively for packages in '/home/johnfranco/Diferencial_ws/src'
[0.509s] Level 1:colcon.colcon_core.package_identification:_identify(.) by extensions ['ignore', 'ignore_ament_install']
[0.509s] Level 1:colcon.colcon_core.package_identification:_identify(.) by extension 'ignore'
[0.509s] Level 1:colcon.colcon_core.package_identification:_identify(.) by extension 'ignore_ament_install'
[0.509s] Level 1:colcon.colcon_core.package_identification:_identify(.) by extensions ['colcon_pkg']
[0.509s] Level 1:colcon.colcon_core.package_identification:_identify(.) by extension 'colcon_pkg'
[0.509s] Level 1:colcon.colcon_core.package_identification:_identify(.) by extensions ['colcon_meta']
[0.509s] Level 1:colcon.colcon_core.package_identification:_identify(.) by extension 'colcon_meta'
[0.509s] Level 1:colcon.colcon_core.package_identification:_identify(.) by extensions ['ros']
[0.509s] Level 1:colcon.colcon_core.package_identification:_identify(.) by extension 'ros'
[0.575s] Level 1:colcon.colcon_core.package_identification:_identify(.) by extensions ['cmake', 'python']
[0.576s] Level 1:colcon.colcon_core.package_identification:_identify(.) by extension 'cmake'
[0.576s] Level 1:colcon.colcon_core.package_identification:_identify(.) by extension 'python'
[0.576s] Level 1:colcon.colcon_core.package_identification:_identify(.) by extensions ['python_setup_py']
[0.576s] Level 1:colcon.colcon_core.package_identification:_identify(.) by extension 'python_setup_py'
[0.576s] Level 1:colcon.colcon_core.package_identification:_identify(build) by extensions ['ignore', 'ignore_ament_install']
[0.576s] Level 1:colcon.colcon_core.package_identification:_identify(build) by extension 'ignore'
[0.576s] Level 1:colcon.colcon_core.package_identification:_identify(build) ignored
[0.577s] Level 1:colcon.colcon_core.package_identification:_identify(diferencial_bringup) by extensions ['ignore', 'ignore_ament_install']
[0.577s] Level 1:colcon.colcon_core.package_identification:_identify(diferencial_bringup) by extension 'ignore'
[0.577s] Level 1:colcon.colcon_core.package_identification:_identify(diferencial_bringup) by extension 'ignore_ament_install'
[0.577s] Level 1:colcon.colcon_core.package_identification:_identify(diferencial_bringup) by extensions ['colcon_pkg']
[0.577s] Level 1:colcon.colcon_core.package_identification:_identify(diferencial_bringup) by extension 'colcon_pkg'
[0.577s] Level 1:colcon.colcon_core.package_identification:_identify(diferencial_bringup) by extensions ['colcon_meta']
[0.577s] Level 1:colcon.colcon_core.package_identification:_identify(diferencial_bringup) by extension 'colcon_meta'
[0.577s] Level 1:colcon.colcon_core.package_identification:_identify(diferencial_bringup) by extensions ['ros']
[0.577s] Level 1:colcon.colcon_core.package_identification:_identify(diferencial_bringup) by extension 'ros'
[0.582s] DEBUG:colcon.colcon_core.package_identification:Package 'diferencial_bringup' with type 'ros.ament_cmake' and name 'diferencial_bringup'
[0.582s] Level 1:colcon.colcon_core.package_identification:_identify(diferencial_cartographer) by extensions ['ignore', 'ignore_ament_install']
[0.582s] Level 1:colcon.colcon_core.package_identification:_identify(diferencial_cartographer) by extension 'ignore'
[0.582s] Level 1:colcon.colcon_core.package_identification:_identify(diferencial_cartographer) by extension 'ignore_ament_install'
[0.582s] Level 1:colcon.colcon_core.package_identification:_identify(diferencial_cartographer) by extensions ['colcon_pkg']
[0.582s] Level 1:colcon.colcon_core.package_identification:_identify(diferencial_cartographer) by extension 'colcon_pkg'
[0.582s] Level 1:colcon.colcon_core.package_identification:_identify(diferencial_cartographer) by extensions ['colcon_meta']
[0.582s] Level 1:colcon.colcon_core.package_identification:_identify(diferencial_cartographer) by extension 'colcon_meta'
[0.583s] Level 1:colcon.colcon_core.package_identification:_identify(diferencial_cartographer) by extensions ['ros']
[0.583s] Level 1:colcon.colcon_core.package_identification:_identify(diferencial_cartographer) by extension 'ros'
[0.584s] DEBUG:colcon.colcon_core.package_identification:Package 'diferencial_cartographer' with type 'ros.ament_cmake' and name 'diferencial_cartographer'
[0.584s] Level 1:colcon.colcon_core.package_identification:_identify(diferencial_controller) by extensions ['ignore', 'ignore_ament_install']
[0.584s] Level 1:colcon.colcon_core.package_identification:_identify(diferencial_controller) by extension 'ignore'
[0.584s] Level 1:colcon.colcon_core.package_identification:_identify(diferencial_controller) by extension 'ignore_ament_install'
[0.584s] Level 1:colcon.colcon_core.package_identification:_identify(diferencial_controller) by extensions ['colcon_pkg']
[0.584s] Level 1:colcon.colcon_core.package_identification:_identify(diferencial_controller) by extension 'colcon_pkg'
[0.584s] Level 1:colcon.colcon_core.package_identification:_identify(diferencial_controller) by extensions ['colcon_meta']
[0.584s] Level 1:colcon.colcon_core.package_identification:_identify(diferencial_controller) by extension 'colcon_meta'
[0.584s] Level 1:colcon.colcon_core.package_identification:_identify(diferencial_controller) by extensions ['ros']
[0.584s] Level 1:colcon.colcon_core.package_identification:_identify(diferencial_controller) by extension 'ros'
[0.585s] DEBUG:colcon.colcon_core.package_identification:Package 'diferencial_controller' with type 'ros.ament_cmake' and name 'diferencial_controller'
[0.585s] Level 1:colcon.colcon_core.package_identification:_identify(diferencial_description) by extensions ['ignore', 'ignore_ament_install']
[0.586s] Level 1:colcon.colcon_core.package_identification:_identify(diferencial_description) by extension 'ignore'
[0.586s] Level 1:colcon.colcon_core.package_identification:_identify(diferencial_description) by extension 'ignore_ament_install'
[0.586s] Level 1:colcon.colcon_core.package_identification:_identify(diferencial_description) by extensions ['colcon_pkg']
[0.586s] Level 1:colcon.colcon_core.package_identification:_identify(diferencial_description) by extension 'colcon_pkg'
[0.586s] Level 1:colcon.colcon_core.package_identification:_identify(diferencial_description) by extensions ['colcon_meta']
[0.586s] Level 1:colcon.colcon_core.package_identification:_identify(diferencial_description) by extension 'colcon_meta'
[0.586s] Level 1:colcon.colcon_core.package_identification:_identify(diferencial_description) by extensions ['ros']
[0.586s] Level 1:colcon.colcon_core.package_identification:_identify(diferencial_description) by extension 'ros'
[0.587s] DEBUG:colcon.colcon_core.package_identification:Package 'diferencial_description' with type 'ros.ament_cmake' and name 'diferencial_description'
[0.587s] Level 1:colcon.colcon_core.package_identification:_identify(install) by extensions ['ignore', 'ignore_ament_install']
[0.587s] Level 1:colcon.colcon_core.package_identification:_identify(install) by extension 'ignore'
[0.587s] Level 1:colcon.colcon_core.package_identification:_identify(install) ignored
[0.588s] Level 1:colcon.colcon_core.package_identification:_identify(log) by extensions ['ignore', 'ignore_ament_install']
[0.588s] Level 1:colcon.colcon_core.package_identification:_identify(log) by extension 'ignore'
[0.588s] Level 1:colcon.colcon_core.package_identification:_identify(log) ignored
[0.588s] Level 1:colcon.colcon_core.package_discovery:discover_packages(recursive) using defaults
[0.588s] Level 1:colcon.colcon_core.package_discovery:discover_packages(ignore) discover
[0.588s] Level 1:colcon.colcon_core.package_discovery:discover_packages(ignore) using defaults
[0.588s] Level 1:colcon.colcon_core.package_discovery:discover_packages(path) discover
[0.588s] Level 1:colcon.colcon_core.package_discovery:discover_packages(path) using defaults
[0.620s] Level 1:colcon.colcon_core.package_discovery:discover_packages(prefix_path) check parameters
[0.620s] Level 1:colcon.colcon_core.package_discovery:discover_packages(prefix_path) discover
[0.624s] DEBUG:colcon.colcon_installed_package_information.package_discovery:Found 7 installed packages in /home/johnfranco/ros2_ws/install
[0.625s] DEBUG:colcon.colcon_installed_package_information.package_discovery:Found 3 installed packages in /home/johnfranco/turtlebot3_ws/install
[0.626s] DEBUG:colcon.colcon_installed_package_information.package_discovery:Found 4 installed packages in /home/johnfranco/Diferencial_ws/install
[0.628s] DEBUG:colcon.colcon_installed_package_information.package_discovery:Found 399 installed packages in /opt/ros/humble
[0.632s] Level 1:colcon.colcon_core.package_discovery:discover_packages(prefix_path) using defaults
[0.717s] Level 5:colcon.colcon_core.verb:set package 'diferencial_cartographer' build argument 'cmake_args' from command line to 'None'
[0.718s] Level 5:colcon.colcon_core.verb:set package 'diferencial_cartographer' build argument 'cmake_target' from command line to 'None'
[0.718s] Level 5:colcon.colcon_core.verb:set package 'diferencial_cartographer' build argument 'cmake_target_skip_unavailable' from command line to 'False'
[0.718s] Level 5:colcon.colcon_core.verb:set package 'diferencial_cartographer' build argument 'cmake_clean_cache' from command line to 'False'
[0.718s] Level 5:colcon.colcon_core.verb:set package 'diferencial_cartographer' build argument 'cmake_clean_first' from command line to 'False'
[0.718s] Level 5:colcon.colcon_core.verb:set package 'diferencial_cartographer' build argument 'cmake_force_configure' from command line to 'False'
[0.718s] Level 5:colcon.colcon_core.verb:set package 'diferencial_cartographer' build argument 'ament_cmake_args' from command line to 'None'
[0.718s] Level 5:colcon.colcon_core.verb:set package 'diferencial_cartographer' build argument 'catkin_cmake_args' from command line to 'None'
[0.718s] Level 5:colcon.colcon_core.verb:set package 'diferencial_cartographer' build argument 'catkin_skip_building_tests' from command line to 'False'
[0.718s] DEBUG:colcon.colcon_core.verb:Building package 'diferencial_cartographer' with the following arguments: {'ament_cmake_args': None, 'build_base': '/home/johnfranco/Diferencial_ws/src/build/diferencial_cartographer', 'catkin_cmake_args': None, 'catkin_skip_building_tests': False, 'cmake_args': None, 'cmake_clean_cache': False, 'cmake_clean_first': False, 'cmake_force_configure': False, 'cmake_target': None, 'cmake_target_skip_unavailable': False, 'install_base': '/home/johnfranco/Diferencial_ws/src/install/diferencial_cartographer', 'merge_install': False, 'path': '/home/johnfranco/Diferencial_ws/src/diferencial_cartographer', 'symlink_install': False, 'test_result_base': None}
[0.719s] Level 5:colcon.colcon_core.verb:set package 'diferencial_controller' build argument 'cmake_args' from command line to 'None'
[0.719s] Level 5:colcon.colcon_core.verb:set package 'diferencial_controller' build argument 'cmake_target' from command line to 'None'
[0.719s] Level 5:colcon.colcon_core.verb:set package 'diferencial_controller' build argument 'cmake_target_skip_unavailable' from command line to 'False'
[0.719s] Level 5:colcon.colcon_core.verb:set package 'diferencial_controller' build argument 'cmake_clean_cache' from command line to 'False'
[0.719s] Level 5:colcon.colcon_core.verb:set package 'diferencial_controller' build argument 'cmake_clean_first' from command line to 'False'
[0.719s] Level 5:colcon.colcon_core.verb:set package 'diferencial_controller' build argument 'cmake_force_configure' from command line to 'False'
[0.719s] Level 5:colcon.colcon_core.verb:set package 'diferencial_controller' build argument 'ament_cmake_args' from command line to 'None'
[0.719s] Level 5:colcon.colcon_core.verb:set package 'diferencial_controller' build argument 'catkin_cmake_args' from command line to 'None'
[0.719s] Level 5:colcon.colcon_core.verb:set package 'diferencial_controller' build argument 'catkin_skip_building_tests' from command line to 'False'
[0.719s] DEBUG:colcon.colcon_core.verb:Building package 'diferencial_controller' with the following arguments: {'ament_cmake_args': None, 'build_base': '/home/johnfranco/Diferencial_ws/src/build/diferencial_controller', 'catkin_cmake_args': None, 'catkin_skip_building_tests': False, 'cmake_args': None, 'cmake_clean_cache': False, 'cmake_clean_first': False, 'cmake_force_configure': False, 'cmake_target': None, 'cmake_target_skip_unavailable': False, 'install_base': '/home/johnfranco/Diferencial_ws/src/install/diferencial_controller', 'merge_install': False, 'path': '/home/johnfranco/Diferencial_ws/src/diferencial_controller', 'symlink_install': False, 'test_result_base': None}
[0.720s] Level 5:colcon.colcon_core.verb:set package 'diferencial_description' build argument 'cmake_args' from command line to 'None'
[0.720s] Level 5:colcon.colcon_core.verb:set package 'diferencial_description' build argument 'cmake_target' from command line to 'None'
[0.720s] Level 5:colcon.colcon_core.verb:set package 'diferencial_description' build argument 'cmake_target_skip_unavailable' from command line to 'False'
[0.720s] Level 5:colcon.colcon_core.verb:set package 'diferencial_description' build argument 'cmake_clean_cache' from command line to 'False'
[0.720s] Level 5:colcon.colcon_core.verb:set package 'diferencial_description' build argument 'cmake_clean_first' from command line to 'False'
[0.720s] Level 5:colcon.colcon_core.verb:set package 'diferencial_description' build argument 'cmake_force_configure' from command line to 'False'
[0.720s] Level 5:colcon.colcon_core.verb:set package 'diferencial_description' build argument 'ament_cmake_args' from command line to 'None'
[0.720s] Level 5:colcon.colcon_core.verb:set package 'diferencial_description' build argument 'catkin_cmake_args' from command line to 'None'
[0.720s] Level 5:colcon.colcon_core.verb:set package 'diferencial_description' build argument 'catkin_skip_building_tests' from command line to 'False'
[0.720s] DEBUG:colcon.colcon_core.verb:Building package 'diferencial_description' with the following arguments: {'ament_cmake_args': None, 'build_base': '/home/johnfranco/Diferencial_ws/src/build/diferencial_description', 'catkin_cmake_args': None, 'catkin_skip_building_tests': False, 'cmake_args': None, 'cmake_clean_cache': False, 'cmake_clean_first': False, 'cmake_force_configure': False, 'cmake_target': None, 'cmake_target_skip_unavailable': False, 'install_base': '/home/johnfranco/Diferencial_ws/src/install/diferencial_description', 'merge_install': False, 'path': '/home/johnfranco/Diferencial_ws/src/diferencial_description', 'symlink_install': False, 'test_result_base': None}
[0.721s] Level 5:colcon.colcon_core.verb:set package 'diferencial_bringup' build argument 'cmake_args' from command line to 'None'
[0.721s] Level 5:colcon.colcon_core.verb:set package 'diferencial_bringup' build argument 'cmake_target' from command line to 'None'
[0.721s] Level 5:colcon.colcon_core.verb:set package 'diferencial_bringup' build argument 'cmake_target_skip_unavailable' from command line to 'False'
[0.721s] Level 5:colcon.colcon_core.verb:set package 'diferencial_bringup' build argument 'cmake_clean_cache' from command line to 'False'
[0.721s] Level 5:colcon.colcon_core.verb:set package 'diferencial_bringup' build argument 'cmake_clean_first' from command line to 'False'
[0.721s] Level 5:colcon.colcon_core.verb:set package 'diferencial_bringup' build argument 'cmake_force_configure' from command line to 'False'
[0.721s] Level 5:colcon.colcon_core.verb:set package 'diferencial_bringup' build argument 'ament_cmake_args' from command line to 'None'
[0.721s] Level 5:colcon.colcon_core.verb:set package 'diferencial_bringup' build argument 'catkin_cmake_args' from command line to 'None'
[0.721s] Level 5:colcon.colcon_core.verb:set package 'diferencial_bringup' build argument 'catkin_skip_building_tests' from command line to 'False'
[0.721s] DEBUG:colcon.colcon_core.verb:Building package 'diferencial_bringup' with the following arguments: {'ament_cmake_args': None, 'build_base': '/home/johnfranco/Diferencial_ws/src/build/diferencial_bringup', 'catkin_cmake_args': None, 'catkin_skip_building_tests': False, 'cmake_args': None, 'cmake_clean_cache': False, 'cmake_clean_first': False, 'cmake_force_configure': False, 'cmake_target': None, 'cmake_target_skip_unavailable': False, 'install_base': '/home/johnfranco/Diferencial_ws/src/install/diferencial_bringup', 'merge_install': False, 'path': '/home/johnfranco/Diferencial_ws/src/diferencial_bringup', 'symlink_install': False, 'test_result_base': None}
[0.721s] INFO:colcon.colcon_core.executor:Executing jobs using 'parallel' executor
[0.724s] DEBUG:colcon.colcon_parallel_executor.executor.parallel:run_until_complete
[0.725s] INFO:colcon.colcon_ros.task.ament_cmake.build:Building ROS package in '/home/johnfranco/Diferencial_ws/src/diferencial_description' with build type 'ament_cmake'
[0.725s] INFO:colcon.colcon_cmake.task.cmake.build:Building CMake package in '/home/johnfranco/Diferencial_ws/src/diferencial_description'
[0.728s] INFO:colcon.colcon_core.plugin_system:Skipping extension 'colcon_core.shell.bat': Not used on non-Windows systems
[0.729s] INFO:colcon.colcon_core.shell:Skip shell extension 'powershell' for command environment: Not usable outside of PowerShell
[0.729s] DEBUG:colcon.colcon_core.shell:Skip shell extension 'dsv' for command environment
[0.738s] INFO:colcon.colcon_ros.task.ament_cmake.build:Building ROS package in '/home/johnfranco/Diferencial_ws/src/diferencial_cartographer' with build type 'ament_cmake'
[0.738s] INFO:colcon.colcon_cmake.task.cmake.build:Building CMake package in '/home/johnfranco/Diferencial_ws/src/diferencial_cartographer'
[0.738s] INFO:colcon.colcon_core.shell:Skip shell extension 'powershell' for command environment: Not usable outside of PowerShell
[0.739s] DEBUG:colcon.colcon_core.shell:Skip shell extension 'dsv' for command environment
[0.747s] INFO:colcon.colcon_ros.task.ament_cmake.build:Building ROS package in '/home/johnfranco/Diferencial_ws/src/diferencial_controller' with build type 'ament_cmake'
[0.747s] INFO:colcon.colcon_cmake.task.cmake.build:Building CMake package in '/home/johnfranco/Diferencial_ws/src/diferencial_controller'
[0.748s] INFO:colcon.colcon_core.shell:Skip shell extension 'powershell' for command environment: Not usable outside of PowerShell
[0.748s] DEBUG:colcon.colcon_core.shell:Skip shell extension 'dsv' for command environment
[0.770s] DEBUG:colcon.colcon_core.event_handler.log_command:Invoking command in '/home/johnfranco/Diferencial_ws/src/build/diferencial_description': CMAKE_PREFIX_PATH=${CMAKE_PREFIX_PATH}:/home/johnfranco/ros2_ws/install/turtlesim_catch:/home/johnfranco/ros2_ws/install/my_py_pkg:/opt/ros/humble /usr/bin/cmake --build /home/johnfranco/Diferencial_ws/src/build/diferencial_description -- -j4 -l4
[0.779s] DEBUG:colcon.colcon_core.event_handler.log_command:Invoking command in '/home/johnfranco/Diferencial_ws/src/build/diferencial_cartographer': CMAKE_PREFIX_PATH=${CMAKE_PREFIX_PATH}:/home/johnfranco/ros2_ws/install/turtlesim_catch:/home/johnfranco/ros2_ws/install/my_py_pkg:/opt/ros/humble /usr/bin/cmake --build /home/johnfranco/Diferencial_ws/src/build/diferencial_cartographer -- -j4 -l4
[0.801s] DEBUG:colcon.colcon_core.event_handler.log_command:Invoking command in '/home/johnfranco/Diferencial_ws/src/build/diferencial_controller': CMAKE_PREFIX_PATH=${CMAKE_PREFIX_PATH}:/home/johnfranco/ros2_ws/install/turtlesim_catch:/home/johnfranco/ros2_ws/install/my_py_pkg:/opt/ros/humble /usr/bin/cmake --build /home/johnfranco/Diferencial_ws/src/build/diferencial_controller -- -j4 -l4
[0.873s] DEBUG:colcon.colcon_core.event_handler.log_command:Invoked command in '/home/johnfranco/Diferencial_ws/src/build/diferencial_cartographer' returned '0': CMAKE_PREFIX_PATH=${CMAKE_PREFIX_PATH}:/home/johnfranco/ros2_ws/install/turtlesim_catch:/home/johnfranco/ros2_ws/install/my_py_pkg:/opt/ros/humble /usr/bin/cmake --build /home/johnfranco/Diferencial_ws/src/build/diferencial_cartographer -- -j4 -l4
[0.884s] DEBUG:colcon.colcon_core.event_handler.log_command:Invoked command in '/home/johnfranco/Diferencial_ws/src/build/diferencial_description' returned '0': CMAKE_PREFIX_PATH=${CMAKE_PREFIX_PATH}:/home/johnfranco/ros2_ws/install/turtlesim_catch:/home/johnfranco/ros2_ws/install/my_py_pkg:/opt/ros/humble /usr/bin/cmake --build /home/johnfranco/Diferencial_ws/src/build/diferencial_description -- -j4 -l4
[0.907s] DEBUG:colcon.colcon_core.event_handler.log_command:Invoked command in '/home/johnfranco/Diferencial_ws/src/build/diferencial_controller' returned '0': CMAKE_PREFIX_PATH=${CMAKE_PREFIX_PATH}:/home/johnfranco/ros2_ws/install/turtlesim_catch:/home/johnfranco/ros2_ws/install/my_py_pkg:/opt/ros/humble /usr/bin/cmake --build /home/johnfranco/Diferencial_ws/src/build/diferencial_controller -- -j4 -l4
[0.976s] DEBUG:colcon.colcon_core.event_handler.log_command:Invoking command in '/home/johnfranco/Diferencial_ws/src/build/diferencial_cartographer': CMAKE_PREFIX_PATH=${CMAKE_PREFIX_PATH}:/home/johnfranco/ros2_ws/install/turtlesim_catch:/home/johnfranco/ros2_ws/install/my_py_pkg:/opt/ros/humble /usr/bin/cmake --install /home/johnfranco/Diferencial_ws/src/build/diferencial_cartographer
[0.989s] DEBUG:colcon.colcon_core.event_handler.log_command:Invoking command in '/home/johnfranco/Diferencial_ws/src/build/diferencial_description': CMAKE_PREFIX_PATH=${CMAKE_PREFIX_PATH}:/home/johnfranco/ros2_ws/install/turtlesim_catch:/home/johnfranco/ros2_ws/install/my_py_pkg:/opt/ros/humble /usr/bin/cmake --install /home/johnfranco/Diferencial_ws/src/build/diferencial_description
[1.016s] DEBUG:colcon.colcon_core.event_handler.log_command:Invoking command in '/home/johnfranco/Diferencial_ws/src/build/diferencial_controller': CMAKE_PREFIX_PATH=${CMAKE_PREFIX_PATH}:/home/johnfranco/ros2_ws/install/turtlesim_catch:/home/johnfranco/ros2_ws/install/my_py_pkg:/opt/ros/humble /usr/bin/cmake --install /home/johnfranco/Diferencial_ws/src/build/diferencial_controller
[1.025s] Level 1:colcon.colcon_core.environment:create_environment_scripts_only(diferencial_cartographer)
[1.043s] Level 1:colcon.colcon_core.environment:checking '/home/johnfranco/Diferencial_ws/src/install/diferencial_cartographer' for CMake module files
[1.048s] Level 1:colcon.colcon_core.environment:checking '/home/johnfranco/Diferencial_ws/src/install/diferencial_cartographer' for CMake config files
[1.048s] Level 1:colcon.colcon_core.shell:create_environment_hook('diferencial_cartographer', 'cmake_prefix_path')
[1.049s] INFO:colcon.colcon_core.shell:Creating environment hook '/home/johnfranco/Diferencial_ws/src/install/diferencial_cartographer/share/diferencial_cartographer/hook/cmake_prefix_path.ps1'
[1.053s] INFO:colcon.colcon_core.shell:Creating environment descriptor '/home/johnfranco/Diferencial_ws/src/install/diferencial_cartographer/share/diferencial_cartographer/hook/cmake_prefix_path.dsv'
[1.055s] INFO:colcon.colcon_core.shell:Creating environment hook '/home/johnfranco/Diferencial_ws/src/install/diferencial_cartographer/share/diferencial_cartographer/hook/cmake_prefix_path.sh'
[1.059s] Level 1:colcon.colcon_core.environment:checking '/home/johnfranco/Diferencial_ws/src/install/diferencial_cartographer/bin'
[1.061s] Level 1:colcon.colcon_core.environment:checking '/home/johnfranco/Diferencial_ws/src/install/diferencial_cartographer/lib/pkgconfig/diferencial_cartographer.pc'
[1.062s] DEBUG:colcon.colcon_core.event_handler.log_command:Invoked command in '/home/johnfranco/Diferencial_ws/src/build/diferencial_cartographer' returned '0': CMAKE_PREFIX_PATH=${CMAKE_PREFIX_PATH}:/home/johnfranco/ros2_ws/install/turtlesim_catch:/home/johnfranco/ros2_ws/install/my_py_pkg:/opt/ros/humble /usr/bin/cmake --install /home/johnfranco/Diferencial_ws/src/build/diferencial_cartographer
[1.062s] Level 1:colcon.colcon_core.environment:checking '/home/johnfranco/Diferencial_ws/src/install/diferencial_cartographer/lib/python3.10/site-packages'
[1.062s] Level 1:colcon.colcon_core.environment:checking '/home/johnfranco/Diferencial_ws/src/install/diferencial_cartographer/bin'
[1.063s] INFO:colcon.colcon_core.shell:Creating package script '/home/johnfranco/Diferencial_ws/src/install/diferencial_cartographer/share/diferencial_cartographer/package.ps1'
[1.064s] INFO:colcon.colcon_core.shell:Creating package descriptor '/home/johnfranco/Diferencial_ws/src/install/diferencial_cartographer/share/diferencial_cartographer/package.dsv'
[1.065s] INFO:colcon.colcon_core.shell:Creating package script '/home/johnfranco/Diferencial_ws/src/install/diferencial_cartographer/share/diferencial_cartographer/package.sh'
[1.066s] INFO:colcon.colcon_core.shell:Creating package script '/home/johnfranco/Diferencial_ws/src/install/diferencial_cartographer/share/diferencial_cartographer/package.bash'
[1.067s] INFO:colcon.colcon_core.shell:Creating package script '/home/johnfranco/Diferencial_ws/src/install/diferencial_cartographer/share/diferencial_cartographer/package.zsh'
[1.069s] Level 1:colcon.colcon_core.environment:create_file_with_runtime_dependencies(/home/johnfranco/Diferencial_ws/src/install/diferencial_cartographer/share/colcon-core/packages/diferencial_cartographer)
[1.072s] Level 1:colcon.colcon_core.environment:create_environment_scripts_only(diferencial_description)
[1.073s] Level 1:colcon.colcon_core.environment:checking '/home/johnfranco/Diferencial_ws/src/install/diferencial_description' for CMake module files
[1.073s] DEBUG:colcon.colcon_core.event_handler.log_command:Invoked command in '/home/johnfranco/Diferencial_ws/src/build/diferencial_description' returned '0': CMAKE_PREFIX_PATH=${CMAKE_PREFIX_PATH}:/home/johnfranco/ros2_ws/install/turtlesim_catch:/home/johnfranco/ros2_ws/install/my_py_pkg:/opt/ros/humble /usr/bin/cmake --install /home/johnfranco/Diferencial_ws/src/build/diferencial_description
[1.075s] Level 1:colcon.colcon_core.environment:checking '/home/johnfranco/Diferencial_ws/src/install/diferencial_description' for CMake config files
[1.075s] Level 1:colcon.colcon_core.shell:create_environment_hook('diferencial_description', 'cmake_prefix_path')
[1.076s] INFO:colcon.colcon_core.shell:Creating environment hook '/home/johnfranco/Diferencial_ws/src/install/diferencial_description/share/diferencial_description/hook/cmake_prefix_path.ps1'
[1.077s] INFO:colcon.colcon_core.shell:Creating environment descriptor '/home/johnfranco/Diferencial_ws/src/install/diferencial_description/share/diferencial_description/hook/cmake_prefix_path.dsv'
[1.078s] INFO:colcon.colcon_core.shell:Creating environment hook '/home/johnfranco/Diferencial_ws/src/install/diferencial_description/share/diferencial_description/hook/cmake_prefix_path.sh'
[1.079s] Level 1:colcon.colcon_core.environment:checking '/home/johnfranco/Diferencial_ws/src/install/diferencial_description/bin'
[1.079s] Level 1:colcon.colcon_core.environment:checking '/home/johnfranco/Diferencial_ws/src/install/diferencial_description/lib/pkgconfig/diferencial_description.pc'
[1.079s] Level 1:colcon.colcon_core.environment:checking '/home/johnfranco/Diferencial_ws/src/install/diferencial_description/lib/python3.10/site-packages'
[1.080s] Level 1:colcon.colcon_core.environment:checking '/home/johnfranco/Diferencial_ws/src/install/diferencial_description/bin'
[1.080s] INFO:colcon.colcon_core.shell:Creating package script '/home/johnfranco/Diferencial_ws/src/install/diferencial_description/share/diferencial_description/package.ps1'
[1.081s] INFO:colcon.colcon_core.shell:Creating package descriptor '/home/johnfranco/Diferencial_ws/src/install/diferencial_description/share/diferencial_description/package.dsv'
[1.082s] INFO:colcon.colcon_core.shell:Creating package script '/home/johnfranco/Diferencial_ws/src/install/diferencial_description/share/diferencial_description/package.sh'
[1.083s] INFO:colcon.colcon_core.shell:Creating package script '/home/johnfranco/Diferencial_ws/src/install/diferencial_description/share/diferencial_description/package.bash'
[1.084s] INFO:colcon.colcon_core.shell:Creating package script '/home/johnfranco/Diferencial_ws/src/install/diferencial_description/share/diferencial_description/package.zsh'
[1.085s] Level 1:colcon.colcon_core.environment:create_file_with_runtime_dependencies(/home/johnfranco/Diferencial_ws/src/install/diferencial_description/share/colcon-core/packages/diferencial_description)
[1.088s] Level 1:colcon.colcon_core.environment:create_environment_scripts_only(diferencial_controller)
[1.089s] Level 1:colcon.colcon_core.environment:checking '/home/johnfranco/Diferencial_ws/src/install/diferencial_controller' for CMake module files
[1.090s] DEBUG:colcon.colcon_core.event_handler.log_command:Invoked command in '/home/johnfranco/Diferencial_ws/src/build/diferencial_controller' returned '0': CMAKE_PREFIX_PATH=${CMAKE_PREFIX_PATH}:/home/johnfranco/ros2_ws/install/turtlesim_catch:/home/johnfranco/ros2_ws/install/my_py_pkg:/opt/ros/humble /usr/bin/cmake --install /home/johnfranco/Diferencial_ws/src/build/diferencial_controller
[1.091s] Level 1:colcon.colcon_core.environment:checking '/home/johnfranco/Diferencial_ws/src/install/diferencial_controller' for CMake config files
[1.091s] Level 1:colcon.colcon_core.shell:create_environment_hook('diferencial_controller', 'cmake_prefix_path')
[1.092s] INFO:colcon.colcon_core.shell:Creating environment hook '/home/johnfranco/Diferencial_ws/src/install/diferencial_controller/share/diferencial_controller/hook/cmake_prefix_path.ps1'
[1.093s] INFO:colcon.colcon_core.shell:Creating environment descriptor '/home/johnfranco/Diferencial_ws/src/install/diferencial_controller/share/diferencial_controller/hook/cmake_prefix_path.dsv'
[1.094s] INFO:colcon.colcon_core.shell:Creating environment hook '/home/johnfranco/Diferencial_ws/src/install/diferencial_controller/share/diferencial_controller/hook/cmake_prefix_path.sh'
[1.096s] Level 1:colcon.colcon_core.environment:checking '/home/johnfranco/Diferencial_ws/src/install/diferencial_controller/bin'
[1.096s] Level 1:colcon.colcon_core.environment:checking '/home/johnfranco/Diferencial_ws/src/install/diferencial_controller/lib/pkgconfig/diferencial_controller.pc'
[1.096s] Level 1:colcon.colcon_core.environment:checking '/home/johnfranco/Diferencial_ws/src/install/diferencial_controller/lib/python3.10/site-packages'
[1.097s] Level 1:colcon.colcon_core.environment:checking '/home/johnfranco/Diferencial_ws/src/install/diferencial_controller/bin'
[1.098s] INFO:colcon.colcon_core.shell:Creating package script '/home/johnfranco/Diferencial_ws/src/install/diferencial_controller/share/diferencial_controller/package.ps1'
[1.100s] INFO:colcon.colcon_core.shell:Creating package descriptor '/home/johnfranco/Diferencial_ws/src/install/diferencial_controller/share/diferencial_controller/package.dsv'
[1.101s] INFO:colcon.colcon_core.shell:Creating package script '/home/johnfranco/Diferencial_ws/src/install/diferencial_controller/share/diferencial_controller/package.sh'
[1.103s] INFO:colcon.colcon_core.shell:Creating package script '/home/johnfranco/Diferencial_ws/src/install/diferencial_controller/share/diferencial_controller/package.bash'
[1.104s] INFO:colcon.colcon_core.shell:Creating package script '/home/johnfranco/Diferencial_ws/src/install/diferencial_controller/share/diferencial_controller/package.zsh'
[1.105s] Level 1:colcon.colcon_core.environment:create_file_with_runtime_dependencies(/home/johnfranco/Diferencial_ws/src/install/diferencial_controller/share/colcon-core/packages/diferencial_controller)
[1.111s] Level 1:colcon.colcon_core.environment:create_environment_scripts_only(diferencial_cartographer)
[1.111s] Level 1:colcon.colcon_core.environment:checking '/home/johnfranco/Diferencial_ws/src/install/diferencial_cartographer' for CMake module files
[1.112s] Level 1:colcon.colcon_core.environment:checking '/home/johnfranco/Diferencial_ws/src/install/diferencial_cartographer' for CMake config files
[1.113s] Level 1:colcon.colcon_core.shell:create_environment_hook('diferencial_cartographer', 'cmake_prefix_path')
[1.113s] INFO:colcon.colcon_core.shell:Creating environment hook '/home/johnfranco/Diferencial_ws/src/install/diferencial_cartographer/share/diferencial_cartographer/hook/cmake_prefix_path.ps1'
[1.114s] INFO:colcon.colcon_core.shell:Creating environment descriptor '/home/johnfranco/Diferencial_ws/src/install/diferencial_cartographer/share/diferencial_cartographer/hook/cmake_prefix_path.dsv'
[1.116s] INFO:colcon.colcon_core.shell:Creating environment hook '/home/johnfranco/Diferencial_ws/src/install/diferencial_cartographer/share/diferencial_cartographer/hook/cmake_prefix_path.sh'
[1.117s] Level 1:colcon.colcon_core.environment:checking '/home/johnfranco/Diferencial_ws/src/install/diferencial_cartographer/bin'
[1.117s] Level 1:colcon.colcon_core.environment:checking '/home/johnfranco/Diferencial_ws/src/install/diferencial_cartographer/lib/pkgconfig/diferencial_cartographer.pc'
[1.118s] Level 1:colcon.colcon_core.environment:checking '/home/johnfranco/Diferencial_ws/src/install/diferencial_cartographer/lib/python3.10/site-packages'
[1.118s] Level 1:colcon.colcon_core.environment:checking '/home/johnfranco/Diferencial_ws/src/install/diferencial_cartographer/bin'
[1.119s] INFO:colcon.colcon_core.shell:Creating package script '/home/johnfranco/Diferencial_ws/src/install/diferencial_cartographer/share/diferencial_cartographer/package.ps1'
[1.120s] INFO:colcon.colcon_core.shell:Creating package descriptor '/home/johnfranco/Diferencial_ws/src/install/diferencial_cartographer/share/diferencial_cartographer/package.dsv'
[1.121s] INFO:colcon.colcon_core.shell:Creating package script '/home/johnfranco/Diferencial_ws/src/install/diferencial_cartographer/share/diferencial_cartographer/package.sh'
[1.122s] INFO:colcon.colcon_core.shell:Creating package script '/home/johnfranco/Diferencial_ws/src/install/diferencial_cartographer/share/diferencial_cartographer/package.bash'
[1.124s] INFO:colcon.colcon_core.shell:Creating package script '/home/johnfranco/Diferencial_ws/src/install/diferencial_cartographer/share/diferencial_cartographer/package.zsh'
[1.126s] Level 1:colcon.colcon_core.environment:create_file_with_runtime_dependencies(/home/johnfranco/Diferencial_ws/src/install/diferencial_cartographer/share/colcon-core/packages/diferencial_cartographer)
[1.131s] Level 1:colcon.colcon_core.environment:create_environment_scripts_only(diferencial_description)
[1.132s] Level 1:colcon.colcon_core.environment:checking '/home/johnfranco/Diferencial_ws/src/install/diferencial_description' for CMake module files
[1.133s] Level 1:colcon.colcon_core.environment:checking '/home/johnfranco/Diferencial_ws/src/install/diferencial_description' for CMake config files
[1.133s] Level 1:colcon.colcon_core.shell:create_environment_hook('diferencial_description', 'cmake_prefix_path')
[1.134s] INFO:colcon.colcon_core.shell:Creating environment hook '/home/johnfranco/Diferencial_ws/src/install/diferencial_description/share/diferencial_description/hook/cmake_prefix_path.ps1'
[1.134s] INFO:colcon.colcon_core.shell:Creating environment descriptor '/home/johnfranco/Diferencial_ws/src/install/diferencial_description/share/diferencial_description/hook/cmake_prefix_path.dsv'
[1.135s] INFO:colcon.colcon_core.shell:Creating environment hook '/home/johnfranco/Diferencial_ws/src/install/diferencial_description/share/diferencial_description/hook/cmake_prefix_path.sh'
[1.136s] Level 1:colcon.colcon_core.environment:checking '/home/johnfranco/Diferencial_ws/src/install/diferencial_description/bin'
[1.137s] Level 1:colcon.colcon_core.environment:checking '/home/johnfranco/Diferencial_ws/src/install/diferencial_description/lib/pkgconfig/diferencial_description.pc'
[1.137s] Level 1:colcon.colcon_core.environment:checking '/home/johnfranco/Diferencial_ws/src/install/diferencial_description/lib/python3.10/site-packages'
[1.137s] Level 1:colcon.colcon_core.environment:checking '/home/johnfranco/Diferencial_ws/src/install/diferencial_description/bin'
[1.138s] INFO:colcon.colcon_core.shell:Creating package script '/home/johnfranco/Diferencial_ws/src/install/diferencial_description/share/diferencial_description/package.ps1'
[1.139s] INFO:colcon.colcon_core.shell:Creating package descriptor '/home/johnfranco/Diferencial_ws/src/install/diferencial_description/share/diferencial_description/package.dsv'
[1.141s] INFO:colcon.colcon_core.shell:Creating package script '/home/johnfranco/Diferencial_ws/src/install/diferencial_description/share/diferencial_description/package.sh'
[1.141s] INFO:colcon.colcon_core.shell:Creating package script '/home/johnfranco/Diferencial_ws/src/install/diferencial_description/share/diferencial_description/package.bash'
[1.142s] INFO:colcon.colcon_core.shell:Creating package script '/home/johnfranco/Diferencial_ws/src/install/diferencial_description/share/diferencial_description/package.zsh'
[1.143s] Level 1:colcon.colcon_core.environment:create_file_with_runtime_dependencies(/home/johnfranco/Diferencial_ws/src/install/diferencial_description/share/colcon-core/packages/diferencial_description)
[1.144s] INFO:colcon.colcon_ros.task.ament_cmake.build:Building ROS package in '/home/johnfranco/Diferencial_ws/src/diferencial_bringup' with build type 'ament_cmake'
[1.145s] INFO:colcon.colcon_cmake.task.cmake.build:Building CMake package in '/home/johnfranco/Diferencial_ws/src/diferencial_bringup'
[1.145s] INFO:colcon.colcon_core.shell:Skip shell extension 'powershell' for command environment: Not usable outside of PowerShell
[1.145s] DEBUG:colcon.colcon_core.shell:Skip shell extension 'dsv' for command environment
[1.155s] Level 1:colcon.colcon_core.environment:create_environment_scripts_only(diferencial_controller)
[1.156s] Level 1:colcon.colcon_core.environment:checking '/home/johnfranco/Diferencial_ws/src/install/diferencial_controller' for CMake module files
[1.157s] Level 1:colcon.colcon_core.environment:checking '/home/johnfranco/Diferencial_ws/src/install/diferencial_controller' for CMake config files
[1.157s] Level 1:colcon.colcon_core.shell:create_environment_hook('diferencial_controller', 'cmake_prefix_path')
[1.158s] INFO:colcon.colcon_core.shell:Creating environment hook '/home/johnfranco/Diferencial_ws/src/install/diferencial_controller/share/diferencial_controller/hook/cmake_prefix_path.ps1'
[1.159s] INFO:colcon.colcon_core.shell:Creating environment descriptor '/home/johnfranco/Diferencial_ws/src/install/diferencial_controller/share/diferencial_controller/hook/cmake_prefix_path.dsv'
[1.160s] INFO:colcon.colcon_core.shell:Creating environment hook '/home/johnfranco/Diferencial_ws/src/install/diferencial_controller/share/diferencial_controller/hook/cmake_prefix_path.sh'
[1.161s] Level 1:colcon.colcon_core.environment:checking '/home/johnfranco/Diferencial_ws/src/install/diferencial_controller/bin'
[1.161s] Level 1:colcon.colcon_core.environment:checking '/home/johnfranco/Diferencial_ws/src/install/diferencial_controller/lib/pkgconfig/diferencial_controller.pc'
[1.161s] Level 1:colcon.colcon_core.environment:checking '/home/johnfranco/Diferencial_ws/src/install/diferencial_controller/lib/python3.10/site-packages'
[1.161s] Level 1:colcon.colcon_core.environment:checking '/home/johnfranco/Diferencial_ws/src/install/diferencial_controller/bin'
[1.162s] INFO:colcon.colcon_core.shell:Creating package script '/home/johnfranco/Diferencial_ws/src/install/diferencial_controller/share/diferencial_controller/package.ps1'
[1.163s] INFO:colcon.colcon_core.shell:Creating package descriptor '/home/johnfranco/Diferencial_ws/src/install/diferencial_controller/share/diferencial_controller/package.dsv'
[1.164s] INFO:colcon.colcon_core.shell:Creating package script '/home/johnfranco/Diferencial_ws/src/install/diferencial_controller/share/diferencial_controller/package.sh'
[1.165s] INFO:colcon.colcon_core.shell:Creating package script '/home/johnfranco/Diferencial_ws/src/install/diferencial_controller/share/diferencial_controller/package.bash'
[1.166s] INFO:colcon.colcon_core.shell:Creating package script '/home/johnfranco/Diferencial_ws/src/install/diferencial_controller/share/diferencial_controller/package.zsh'
[1.166s] Level 1:colcon.colcon_core.environment:create_file_with_runtime_dependencies(/home/johnfranco/Diferencial_ws/src/install/diferencial_controller/share/colcon-core/packages/diferencial_controller)
[1.174s] DEBUG:colcon.colcon_core.event_handler.log_command:Invoking command in '/home/johnfranco/Diferencial_ws/src/build/diferencial_bringup': AMENT_PREFIX_PATH=/home/johnfranco/Diferencial_ws/src/install/diferencial_description:${AMENT_PREFIX_PATH} CMAKE_PREFIX_PATH=/home/johnfranco/Diferencial_ws/src/install/diferencial_description:/home/johnfranco/Diferencial_ws/install/diferencial_bringup:/home/johnfranco/Diferencial_ws/install/diferencial_description:/home/johnfranco/Diferencial_ws/install/diferencial_controller:/home/johnfranco/Diferencial_ws/install/diferencial_cartographer:/home/johnfranco/ros2_ws/install/my_robot_bringup:/home/johnfranco/ros2_ws/install/my_robot_interfaces:/home/johnfranco/ros2_ws/install/my_robot_bringup_gaz:/home/johnfranco/ros2_ws/install/my_robot_description:/home/johnfranco/ros2_ws/install/my_cpp_pkg:/home/johnfranco/turtlebot3_ws/install/turtlebot3_simulations:/home/johnfranco/turtlebot3_ws/install/turtlebot3_gazebo:/home/johnfranco/turtlebot3_ws/install/turtlebot3_fake_node:/home/johnfranco/ros2_ws/install/turtlesim_catch:/home/johnfranco/ros2_ws/install/my_py_pkg:/opt/ros/humble /usr/bin/cmake --build /home/johnfranco/Diferencial_ws/src/build/diferencial_bringup -- -j4 -l4
[1.238s] DEBUG:colcon.colcon_core.event_handler.log_command:Invoked command in '/home/johnfranco/Diferencial_ws/src/build/diferencial_bringup' returned '0': AMENT_PREFIX_PATH=/home/johnfranco/Diferencial_ws/src/install/diferencial_description:${AMENT_PREFIX_PATH} CMAKE_PREFIX_PATH=/home/johnfranco/Diferencial_ws/src/install/diferencial_description:/home/johnfranco/Diferencial_ws/install/diferencial_bringup:/home/johnfranco/Diferencial_ws/install/diferencial_description:/home/johnfranco/Diferencial_ws/install/diferencial_controller:/home/johnfranco/Diferencial_ws/install/diferencial_cartographer:/home/johnfranco/ros2_ws/install/my_robot_bringup:/home/johnfranco/ros2_ws/install/my_robot_interfaces:/home/johnfranco/ros2_ws/install/my_robot_bringup_gaz:/home/johnfranco/ros2_ws/install/my_robot_description:/home/johnfranco/ros2_ws/install/my_cpp_pkg:/home/johnfranco/turtlebot3_ws/install/turtlebot3_simulations:/home/johnfranco/turtlebot3_ws/install/turtlebot3_gazebo:/home/johnfranco/turtlebot3_ws/install/turtlebot3_fake_node:/home/johnfranco/ros2_ws/install/turtlesim_catch:/home/johnfranco/ros2_ws/install/my_py_pkg:/opt/ros/humble /usr/bin/cmake --build /home/johnfranco/Diferencial_ws/src/build/diferencial_bringup -- -j4 -l4
[1.275s] DEBUG:colcon.colcon_core.event_handler.log_command:Invoking command in '/home/johnfranco/Diferencial_ws/src/build/diferencial_bringup': AMENT_PREFIX_PATH=/home/johnfranco/Diferencial_ws/src/install/diferencial_description:${AMENT_PREFIX_PATH} CMAKE_PREFIX_PATH=/home/johnfranco/Diferencial_ws/src/install/diferencial_description:/home/johnfranco/Diferencial_ws/install/diferencial_bringup:/home/johnfranco/Diferencial_ws/install/diferencial_description:/home/johnfranco/Diferencial_ws/install/diferencial_controller:/home/johnfranco/Diferencial_ws/install/diferencial_cartographer:/home/johnfranco/ros2_ws/install/my_robot_bringup:/home/johnfranco/ros2_ws/install/my_robot_interfaces:/home/johnfranco/ros2_ws/install/my_robot_bringup_gaz:/home/johnfranco/ros2_ws/install/my_robot_description:/home/johnfranco/ros2_ws/install/my_cpp_pkg:/home/johnfranco/turtlebot3_ws/install/turtlebot3_simulations:/home/johnfranco/turtlebot3_ws/install/turtlebot3_gazebo:/home/johnfranco/turtlebot3_ws/install/turtlebot3_fake_node:/home/johnfranco/ros2_ws/install/turtlesim_catch:/home/johnfranco/ros2_ws/install/my_py_pkg:/opt/ros/humble /usr/bin/cmake --install /home/johnfranco/Diferencial_ws/src/build/diferencial_bringup
[1.292s] Level 1:colcon.colcon_core.environment:create_environment_scripts_only(diferencial_bringup)
[1.293s] Level 1:colcon.colcon_core.environment:checking '/home/johnfranco/Diferencial_ws/src/install/diferencial_bringup' for CMake module files
[1.297s] DEBUG:colcon.colcon_core.event_handler.log_command:Invoked command in '/home/johnfranco/Diferencial_ws/src/build/diferencial_bringup' returned '0': AMENT_PREFIX_PATH=/home/johnfranco/Diferencial_ws/src/install/diferencial_description:${AMENT_PREFIX_PATH} CMAKE_PREFIX_PATH=/home/johnfranco/Diferencial_ws/src/install/diferencial_description:/home/johnfranco/Diferencial_ws/install/diferencial_bringup:/home/johnfranco/Diferencial_ws/install/diferencial_description:/home/johnfranco/Diferencial_ws/install/diferencial_controller:/home/johnfranco/Diferencial_ws/install/diferencial_cartographer:/home/johnfranco/ros2_ws/install/my_robot_bringup:/home/johnfranco/ros2_ws/install/my_robot_interfaces:/home/johnfranco/ros2_ws/install/my_robot_bringup_gaz:/home/johnfranco/ros2_ws/install/my_robot_description:/home/johnfranco/ros2_ws/install/my_cpp_pkg:/home/johnfranco/turtlebot3_ws/install/turtlebot3_simulations:/home/johnfranco/turtlebot3_ws/install/turtlebot3_gazebo:/home/johnfranco/turtlebot3_ws/install/turtlebot3_fake_node:/home/johnfranco/ros2_ws/install/turtlesim_catch:/home/johnfranco/ros2_ws/install/my_py_pkg:/opt/ros/humble /usr/bin/cmake --install /home/johnfranco/Diferencial_ws/src/build/diferencial_bringup
[1.298s] Level 1:colcon.colcon_core.environment:checking '/home/johnfranco/Diferencial_ws/src/install/diferencial_bringup' for CMake config files
[1.298s] Level 1:colcon.colcon_core.shell:create_environment_hook('diferencial_bringup', 'cmake_prefix_path')
[1.298s] INFO:colcon.colcon_core.shell:Creating environment hook '/home/johnfranco/Diferencial_ws/src/install/diferencial_bringup/share/diferencial_bringup/hook/cmake_prefix_path.ps1'
[1.300s] INFO:colcon.colcon_core.shell:Creating environment descriptor '/home/johnfranco/Diferencial_ws/src/install/diferencial_bringup/share/diferencial_bringup/hook/cmake_prefix_path.dsv'
[1.301s] INFO:colcon.colcon_core.shell:Creating environment hook '/home/johnfranco/Diferencial_ws/src/install/diferencial_bringup/share/diferencial_bringup/hook/cmake_prefix_path.sh'
[1.303s] Level 1:colcon.colcon_core.environment:checking '/home/johnfranco/Diferencial_ws/src/install/diferencial_bringup/bin'
[1.303s] Level 1:colcon.colcon_core.environment:checking '/home/johnfranco/Diferencial_ws/src/install/diferencial_bringup/lib/pkgconfig/diferencial_bringup.pc'
[1.304s] Level 1:colcon.colcon_core.environment:checking '/home/johnfranco/Diferencial_ws/src/install/diferencial_bringup/lib/python3.10/site-packages'
[1.304s] Level 1:colcon.colcon_core.environment:checking '/home/johnfranco/Diferencial_ws/src/install/diferencial_bringup/bin'
[1.305s] INFO:colcon.colcon_core.shell:Creating package script '/home/johnfranco/Diferencial_ws/src/install/diferencial_bringup/share/diferencial_bringup/package.ps1'
[1.307s] INFO:colcon.colcon_core.shell:Creating package descriptor '/home/johnfranco/Diferencial_ws/src/install/diferencial_bringup/share/diferencial_bringup/package.dsv'
[1.308s] INFO:colcon.colcon_core.shell:Creating package script '/home/johnfranco/Diferencial_ws/src/install/diferencial_bringup/share/diferencial_bringup/package.sh'
[1.309s] INFO:colcon.colcon_core.shell:Creating package script '/home/johnfranco/Diferencial_ws/src/install/diferencial_bringup/share/diferencial_bringup/package.bash'
[1.310s] INFO:colcon.colcon_core.shell:Creating package script '/home/johnfranco/Diferencial_ws/src/install/diferencial_bringup/share/diferencial_bringup/package.zsh'
[1.311s] Level 1:colcon.colcon_core.environment:create_file_with_runtime_dependencies(/home/johnfranco/Diferencial_ws/src/install/diferencial_bringup/share/colcon-core/packages/diferencial_bringup)
[1.346s] Level 1:colcon.colcon_core.environment:create_environment_scripts_only(diferencial_bringup)
[1.346s] Level 1:colcon.colcon_core.environment:checking '/home/johnfranco/Diferencial_ws/src/install/diferencial_bringup' for CMake module files
[1.347s] Level 1:colcon.colcon_core.environment:checking '/home/johnfranco/Diferencial_ws/src/install/diferencial_bringup' for CMake config files
[1.347s] Level 1:colcon.colcon_core.shell:create_environment_hook('diferencial_bringup', 'cmake_prefix_path')
[1.348s] INFO:colcon.colcon_core.shell:Creating environment hook '/home/johnfranco/Diferencial_ws/src/install/diferencial_bringup/share/diferencial_bringup/hook/cmake_prefix_path.ps1'
[1.349s] INFO:colcon.colcon_core.shell:Creating environment descriptor '/home/johnfranco/Diferencial_ws/src/install/diferencial_bringup/share/diferencial_bringup/hook/cmake_prefix_path.dsv'
[1.349s] INFO:colcon.colcon_core.shell:Creating environment hook '/home/johnfranco/Diferencial_ws/src/install/diferencial_bringup/share/diferencial_bringup/hook/cmake_prefix_path.sh'
[1.350s] Level 1:colcon.colcon_core.environment:checking '/home/johnfranco/Diferencial_ws/src/install/diferencial_bringup/bin'
[1.350s] Level 1:colcon.colcon_core.environment:checking '/home/johnfranco/Diferencial_ws/src/install/diferencial_bringup/lib/pkgconfig/diferencial_bringup.pc'
[1.350s] Level 1:colcon.colcon_core.environment:checking '/home/johnfranco/Diferencial_ws/src/install/diferencial_bringup/lib/python3.10/site-packages'
[1.351s] Level 1:colcon.colcon_core.environment:checking '/home/johnfranco/Diferencial_ws/src/install/diferencial_bringup/bin'
[1.351s] INFO:colcon.colcon_core.shell:Creating package script '/home/johnfranco/Diferencial_ws/src/install/diferencial_bringup/share/diferencial_bringup/package.ps1'
[1.352s] INFO:colcon.colcon_core.shell:Creating package descriptor '/home/johnfranco/Diferencial_ws/src/install/diferencial_bringup/share/diferencial_bringup/package.dsv'
[1.354s] INFO:colcon.colcon_core.shell:Creating package script '/home/johnfranco/Diferencial_ws/src/install/diferencial_bringup/share/diferencial_bringup/package.sh'
[1.354s] INFO:colcon.colcon_core.shell:Creating package script '/home/johnfranco/Diferencial_ws/src/install/diferencial_bringup/share/diferencial_bringup/package.bash'
[1.355s] INFO:colcon.colcon_core.shell:Creating package script '/home/johnfranco/Diferencial_ws/src/install/diferencial_bringup/share/diferencial_bringup/package.zsh'
[1.356s] Level 1:colcon.colcon_core.environment:create_file_with_runtime_dependencies(/home/johnfranco/Diferencial_ws/src/install/diferencial_bringup/share/colcon-core/packages/diferencial_bringup)
[1.356s] DEBUG:colcon.colcon_parallel_executor.executor.parallel:closing loop
[1.357s] DEBUG:colcon.colcon_parallel_executor.executor.parallel:loop closed
[1.357s] DEBUG:colcon.colcon_parallel_executor.executor.parallel:run_until_complete finished with '0'
[1.357s] DEBUG:colcon.colcon_core.event_reactor:joining thread
[1.366s] INFO:colcon.colcon_core.plugin_system:Skipping extension 'colcon_notification.desktop_notification.terminal_notifier': Not used on non-Darwin systems
[1.367s] INFO:colcon.colcon_core.plugin_system:Skipping extension 'colcon_notification.desktop_notification.win32': Not used on non-Windows systems
[1.367s] INFO:colcon.colcon_notification.desktop_notification:Sending desktop notification using 'notify2'
[1.395s] DEBUG:colcon.colcon_core.event_reactor:joined thread
[1.396s] INFO:colcon.colcon_core.shell:Creating prefix script '/home/johnfranco/Diferencial_ws/src/install/local_setup.ps1'
[1.398s] INFO:colcon.colcon_core.shell:Creating prefix util module '/home/johnfranco/Diferencial_ws/src/install/_local_setup_util_ps1.py'
[1.403s] INFO:colcon.colcon_core.shell:Creating prefix chain script '/home/johnfranco/Diferencial_ws/src/install/setup.ps1'
[1.407s] INFO:colcon.colcon_core.shell:Creating prefix script '/home/johnfranco/Diferencial_ws/src/install/local_setup.sh'
[1.408s] INFO:colcon.colcon_core.shell:Creating prefix util module '/home/johnfranco/Diferencial_ws/src/install/_local_setup_util_sh.py'
[1.410s] INFO:colcon.colcon_core.shell:Creating prefix chain script '/home/johnfranco/Diferencial_ws/src/install/setup.sh'
[1.414s] INFO:colcon.colcon_core.shell:Creating prefix script '/home/johnfranco/Diferencial_ws/src/install/local_setup.bash'
[1.415s] INFO:colcon.colcon_core.shell:Creating prefix chain script '/home/johnfranco/Diferencial_ws/src/install/setup.bash'
[1.420s] INFO:colcon.colcon_core.shell:Creating prefix script '/home/johnfranco/Diferencial_ws/src/install/local_setup.zsh'
[1.422s] INFO:colcon.colcon_core.shell:Creating prefix chain script '/home/johnfranco/Diferencial_ws/src/install/setup.zsh'
