-- Install configuration: ""
-- Up-to-date: /home/johnfranco/Diferencial_ws/src/install/diferencial_bringup/share/diferencial_bringup//launch
-- Up-to-date: /home/johnfranco/Diferencial_ws/src/install/diferencial_bringup/share/diferencial_bringup//launch/diferencial_gazebo2.launch.py
-- Up-to-date: /home/johnfranco/Diferencial_ws/src/install/diferencial_bringup/share/diferencial_bringup//launch/turtlebot3_maze.launch.py
-- Up-to-date: /home/johnfranco/Diferencial_ws/src/install/diferencial_bringup/share/diferencial_bringup//launch/diferencial_gazebo.launch.py
-- Up-to-date: /home/johnfranco/Diferencial_ws/src/install/diferencial_bringup/share/diferencial_bringup//launch/diferencial_gazebo.launch.xml
-- Up-to-date: /home/johnfranco/Diferencial_ws/src/install/diferencial_bringup/share/diferencial_bringup//rviz
-- Up-to-date: /home/johnfranco/Diferencial_ws/src/install/diferencial_bringup/share/diferencial_bringup//rviz/urdf_config.rviz
-- Up-to-date: /home/johnfranco/Diferencial_ws/src/install/diferencial_bringup/share/diferencial_bringup//worlds
-- Up-to-date: /home/johnfranco/Diferencial_ws/src/install/diferencial_bringup/share/diferencial_bringup//worlds/Trayectoria.world
-- Up-to-date: /home/johnfranco/Diferencial_ws/src/install/diferencial_bringup/share/diferencial_bringup//worlds/UPIITA.world
-- Up-to-date: /home/johnfranco/Diferencial_ws/src/install/diferencial_bringup/share/ament_index/resource_index/package_run_dependencies/diferencial_bringup
-- Up-to-date: /home/johnfranco/Diferencial_ws/src/install/diferencial_bringup/share/ament_index/resource_index/parent_prefix_path/diferencial_bringup
-- Up-to-date: /home/johnfranco/Diferencial_ws/src/install/diferencial_bringup/share/diferencial_bringup/environment/ament_prefix_path.sh
-- Up-to-date: /home/johnfranco/Diferencial_ws/src/install/diferencial_bringup/share/diferencial_bringup/environment/ament_prefix_path.dsv
-- Up-to-date: /home/johnfranco/Diferencial_ws/src/install/diferencial_bringup/share/diferencial_bringup/environment/path.sh
-- Up-to-date: /home/johnfranco/Diferencial_ws/src/install/diferencial_bringup/share/diferencial_bringup/environment/path.dsv
-- Up-to-date: /home/johnfranco/Diferencial_ws/src/install/diferencial_bringup/share/diferencial_bringup/local_setup.bash
-- Up-to-date: /home/johnfranco/Diferencial_ws/src/install/diferencial_bringup/share/diferencial_bringup/local_setup.sh
-- Up-to-date: /home/johnfranco/Diferencial_ws/src/install/diferencial_bringup/share/diferencial_bringup/local_setup.zsh
-- Up-to-date: /home/johnfranco/Diferencial_ws/src/install/diferencial_bringup/share/diferencial_bringup/local_setup.dsv
-- Installing: /home/johnfranco/Diferencial_ws/src/install/diferencial_bringup/share/diferencial_bringup/package.dsv
-- Up-to-date: /home/johnfranco/Diferencial_ws/src/install/diferencial_bringup/share/ament_index/resource_index/packages/diferencial_bringup
-- Up-to-date: /home/johnfranco/Diferencial_ws/src/install/diferencial_bringup/share/diferencial_bringup/cmake/diferencial_bringupConfig.cmake
-- Up-to-date: /home/johnfranco/Diferencial_ws/src/install/diferencial_bringup/share/diferencial_bringup/cmake/diferencial_bringupConfig-version.cmake
-- Up-to-date: /home/johnfranco/Diferencial_ws/src/install/diferencial_bringup/share/diferencial_bringup/package.xml
