[0.015s] Invoking command in '/home/johnfranco/Diferencial_ws/src/build/diferencial_bringup': AMENT_PREFIX_PATH=/home/johnfranco/Diferencial_ws/src/install/diferencial_description:${AMENT_PREFIX_PATH} CMAKE_PREFIX_PATH=/home/johnfranco/Diferencial_ws/src/install/diferencial_description:/home/johnfranco/Diferencial_ws/install/diferencial_bringup:/home/johnfranco/Diferencial_ws/install/diferencial_description:/home/johnfranco/Diferencial_ws/install/diferencial_controller:/home/johnfranco/Diferencial_ws/install/diferencial_cartographer:/home/johnfranco/ros2_ws/install/my_robot_bringup:/home/johnfranco/ros2_ws/install/my_robot_interfaces:/home/johnfranco/ros2_ws/install/my_robot_bringup_gaz:/home/johnfranco/ros2_ws/install/my_robot_description:/home/johnfranco/ros2_ws/install/my_cpp_pkg:/home/johnfranco/turtlebot3_ws/install/turtlebot3_simulations:/home/johnfranco/turtlebot3_ws/install/turtlebot3_gazebo:/home/johnfranco/turtlebot3_ws/install/turtlebot3_fake_node:/home/johnfranco/ros2_ws/install/turtlesim_catch:/home/johnfranco/ros2_ws/install/my_py_pkg:/opt/ros/humble /usr/bin/cmake /home/johnfranco/Diferencial_ws/src/diferencial_bringup -DCMAKE_INSTALL_PREFIX=/home/johnfranco/Diferencial_ws/src/install/diferencial_bringup
[0.286s] -- The C compiler identification is GNU 11.4.0
[0.380s] -- The CXX compiler identification is GNU 11.4.0
[0.398s] -- Detecting C compiler ABI info
[0.528s] -- Detecting C compiler ABI info - done
[0.542s] -- Check for working C compiler: /usr/bin/cc - skipped
[0.543s] -- Detecting C compile features
[0.543s] -- Detecting C compile features - done
[0.548s] -- Detecting CXX compiler ABI info
[0.689s] -- Detecting CXX compiler ABI info - done
[0.714s] -- Check for working CXX compiler: /usr/bin/c++ - skipped
[0.714s] -- Detecting CXX compile features
[0.716s] -- Detecting CXX compile features - done
[0.723s] -- Found ament_cmake: 1.3.10 (/opt/ros/humble/share/ament_cmake/cmake)
[0.996s] -- Found Python3: /usr/bin/python3 (found version "3.10.12") found components: Interpreter 
[1.328s] -- Configuring done
[1.331s] -- Generating done
[1.333s] -- Build files have been written to: /home/johnfranco/Diferencial_ws/src/build/diferencial_bringup
[1.340s] Invoked command in '/home/johnfranco/Diferencial_ws/src/build/diferencial_bringup' returned '0': AMENT_PREFIX_PATH=/home/johnfranco/Diferencial_ws/src/install/diferencial_description:${AMENT_PREFIX_PATH} CMAKE_PREFIX_PATH=/home/johnfranco/Diferencial_ws/src/install/diferencial_description:/home/johnfranco/Diferencial_ws/install/diferencial_bringup:/home/johnfranco/Diferencial_ws/install/diferencial_description:/home/johnfranco/Diferencial_ws/install/diferencial_controller:/home/johnfranco/Diferencial_ws/install/diferencial_cartographer:/home/johnfranco/ros2_ws/install/my_robot_bringup:/home/johnfranco/ros2_ws/install/my_robot_interfaces:/home/johnfranco/ros2_ws/install/my_robot_bringup_gaz:/home/johnfranco/ros2_ws/install/my_robot_description:/home/johnfranco/ros2_ws/install/my_cpp_pkg:/home/johnfranco/turtlebot3_ws/install/turtlebot3_simulations:/home/johnfranco/turtlebot3_ws/install/turtlebot3_gazebo:/home/johnfranco/turtlebot3_ws/install/turtlebot3_fake_node:/home/johnfranco/ros2_ws/install/turtlesim_catch:/home/johnfranco/ros2_ws/install/my_py_pkg:/opt/ros/humble /usr/bin/cmake /home/johnfranco/Diferencial_ws/src/diferencial_bringup -DCMAKE_INSTALL_PREFIX=/home/johnfranco/Diferencial_ws/src/install/diferencial_bringup
[1.343s] Invoking command in '/home/johnfranco/Diferencial_ws/src/build/diferencial_bringup': AMENT_PREFIX_PATH=/home/johnfranco/Diferencial_ws/src/install/diferencial_description:${AMENT_PREFIX_PATH} CMAKE_PREFIX_PATH=/home/johnfranco/Diferencial_ws/src/install/diferencial_description:/home/johnfranco/Diferencial_ws/install/diferencial_bringup:/home/johnfranco/Diferencial_ws/install/diferencial_description:/home/johnfranco/Diferencial_ws/install/diferencial_controller:/home/johnfranco/Diferencial_ws/install/diferencial_cartographer:/home/johnfranco/ros2_ws/install/my_robot_bringup:/home/johnfranco/ros2_ws/install/my_robot_interfaces:/home/johnfranco/ros2_ws/install/my_robot_bringup_gaz:/home/johnfranco/ros2_ws/install/my_robot_description:/home/johnfranco/ros2_ws/install/my_cpp_pkg:/home/johnfranco/turtlebot3_ws/install/turtlebot3_simulations:/home/johnfranco/turtlebot3_ws/install/turtlebot3_gazebo:/home/johnfranco/turtlebot3_ws/install/turtlebot3_fake_node:/home/johnfranco/ros2_ws/install/turtlesim_catch:/home/johnfranco/ros2_ws/install/my_py_pkg:/opt/ros/humble /usr/bin/cmake --build /home/johnfranco/Diferencial_ws/src/build/diferencial_bringup -- -j4 -l4
[1.416s] Invoked command in '/home/johnfranco/Diferencial_ws/src/build/diferencial_bringup' returned '0': AMENT_PREFIX_PATH=/home/johnfranco/Diferencial_ws/src/install/diferencial_description:${AMENT_PREFIX_PATH} CMAKE_PREFIX_PATH=/home/johnfranco/Diferencial_ws/src/install/diferencial_description:/home/johnfranco/Diferencial_ws/install/diferencial_bringup:/home/johnfranco/Diferencial_ws/install/diferencial_description:/home/johnfranco/Diferencial_ws/install/diferencial_controller:/home/johnfranco/Diferencial_ws/install/diferencial_cartographer:/home/johnfranco/ros2_ws/install/my_robot_bringup:/home/johnfranco/ros2_ws/install/my_robot_interfaces:/home/johnfranco/ros2_ws/install/my_robot_bringup_gaz:/home/johnfranco/ros2_ws/install/my_robot_description:/home/johnfranco/ros2_ws/install/my_cpp_pkg:/home/johnfranco/turtlebot3_ws/install/turtlebot3_simulations:/home/johnfranco/turtlebot3_ws/install/turtlebot3_gazebo:/home/johnfranco/turtlebot3_ws/install/turtlebot3_fake_node:/home/johnfranco/ros2_ws/install/turtlesim_catch:/home/johnfranco/ros2_ws/install/my_py_pkg:/opt/ros/humble /usr/bin/cmake --build /home/johnfranco/Diferencial_ws/src/build/diferencial_bringup -- -j4 -l4
[1.467s] Invoking command in '/home/johnfranco/Diferencial_ws/src/build/diferencial_bringup': AMENT_PREFIX_PATH=/home/johnfranco/Diferencial_ws/src/install/diferencial_description:${AMENT_PREFIX_PATH} CMAKE_PREFIX_PATH=/home/johnfranco/Diferencial_ws/src/install/diferencial_description:/home/johnfranco/Diferencial_ws/install/diferencial_bringup:/home/johnfranco/Diferencial_ws/install/diferencial_description:/home/johnfranco/Diferencial_ws/install/diferencial_controller:/home/johnfranco/Diferencial_ws/install/diferencial_cartographer:/home/johnfranco/ros2_ws/install/my_robot_bringup:/home/johnfranco/ros2_ws/install/my_robot_interfaces:/home/johnfranco/ros2_ws/install/my_robot_bringup_gaz:/home/johnfranco/ros2_ws/install/my_robot_description:/home/johnfranco/ros2_ws/install/my_cpp_pkg:/home/johnfranco/turtlebot3_ws/install/turtlebot3_simulations:/home/johnfranco/turtlebot3_ws/install/turtlebot3_gazebo:/home/johnfranco/turtlebot3_ws/install/turtlebot3_fake_node:/home/johnfranco/ros2_ws/install/turtlesim_catch:/home/johnfranco/ros2_ws/install/my_py_pkg:/opt/ros/humble /usr/bin/cmake --install /home/johnfranco/Diferencial_ws/src/build/diferencial_bringup
[1.481s] -- Install configuration: ""
[1.481s] -- Installing: /home/johnfranco/Diferencial_ws/src/install/diferencial_bringup/share/diferencial_bringup//launch
[1.481s] -- Installing: /home/johnfranco/Diferencial_ws/src/install/diferencial_bringup/share/diferencial_bringup//launch/diferencial_gazebo2.launch.py
[1.481s] -- Installing: /home/johnfranco/Diferencial_ws/src/install/diferencial_bringup/share/diferencial_bringup//launch/turtlebot3_maze.launch.py
[1.481s] -- Installing: /home/johnfranco/Diferencial_ws/src/install/diferencial_bringup/share/diferencial_bringup//launch/diferencial_gazebo.launch.py
[1.481s] -- Installing: /home/johnfranco/Diferencial_ws/src/install/diferencial_bringup/share/diferencial_bringup//launch/diferencial_gazebo.launch.xml
[1.492s] -- Installing: /home/johnfranco/Diferencial_ws/src/install/diferencial_bringup/share/diferencial_bringup//rviz
[1.492s] -- Installing: /home/johnfranco/Diferencial_ws/src/install/diferencial_bringup/share/diferencial_bringup//rviz/urdf_config.rviz
[1.496s] -- Installing: /home/johnfranco/Diferencial_ws/src/install/diferencial_bringup/share/diferencial_bringup//worlds
[1.496s] -- Installing: /home/johnfranco/Diferencial_ws/src/install/diferencial_bringup/share/diferencial_bringup//worlds/Trayectoria.world
[1.523s] -- Installing: /home/johnfranco/Diferencial_ws/src/install/diferencial_bringup/share/diferencial_bringup//worlds/UPIITA.world
[1.548s] -- Installing: /home/johnfranco/Diferencial_ws/src/install/diferencial_bringup/share/ament_index/resource_index/package_run_dependencies/diferencial_bringup
[1.548s] -- Installing: /home/johnfranco/Diferencial_ws/src/install/diferencial_bringup/share/ament_index/resource_index/parent_prefix_path/diferencial_bringup
[1.548s] -- Installing: /home/johnfranco/Diferencial_ws/src/install/diferencial_bringup/share/diferencial_bringup/environment/ament_prefix_path.sh
[1.549s] -- Installing: /home/johnfranco/Diferencial_ws/src/install/diferencial_bringup/share/diferencial_bringup/environment/ament_prefix_path.dsv
[1.549s] -- Installing: /home/johnfranco/Diferencial_ws/src/install/diferencial_bringup/share/diferencial_bringup/environment/path.sh
[1.549s] -- Installing: /home/johnfranco/Diferencial_ws/src/install/diferencial_bringup/share/diferencial_bringup/environment/path.dsv
[1.550s] -- Installing: /home/johnfranco/Diferencial_ws/src/install/diferencial_bringup/share/diferencial_bringup/local_setup.bash
[1.550s] -- Installing: /home/johnfranco/Diferencial_ws/src/install/diferencial_bringup/share/diferencial_bringup/local_setup.sh
[1.550s] -- Installing: /home/johnfranco/Diferencial_ws/src/install/diferencial_bringup/share/diferencial_bringup/local_setup.zsh
[1.550s] -- Installing: /home/johnfranco/Diferencial_ws/src/install/diferencial_bringup/share/diferencial_bringup/local_setup.dsv
[1.551s] -- Installing: /home/johnfranco/Diferencial_ws/src/install/diferencial_bringup/share/diferencial_bringup/package.dsv
[1.551s] -- Installing: /home/johnfranco/Diferencial_ws/src/install/diferencial_bringup/share/ament_index/resource_index/packages/diferencial_bringup
[1.552s] -- Installing: /home/johnfranco/Diferencial_ws/src/install/diferencial_bringup/share/diferencial_bringup/cmake/diferencial_bringupConfig.cmake
[1.552s] -- Installing: /home/johnfranco/Diferencial_ws/src/install/diferencial_bringup/share/diferencial_bringup/cmake/diferencial_bringupConfig-version.cmake
[1.552s] -- Installing: /home/johnfranco/Diferencial_ws/src/install/diferencial_bringup/share/diferencial_bringup/package.xml
[1.557s] Invoked command in '/home/johnfranco/Diferencial_ws/src/build/diferencial_bringup' returned '0': AMENT_PREFIX_PATH=/home/johnfranco/Diferencial_ws/src/install/diferencial_description:${AMENT_PREFIX_PATH} CMAKE_PREFIX_PATH=/home/johnfranco/Diferencial_ws/src/install/diferencial_description:/home/johnfranco/Diferencial_ws/install/diferencial_bringup:/home/johnfranco/Diferencial_ws/install/diferencial_description:/home/johnfranco/Diferencial_ws/install/diferencial_controller:/home/johnfranco/Diferencial_ws/install/diferencial_cartographer:/home/johnfranco/ros2_ws/install/my_robot_bringup:/home/johnfranco/ros2_ws/install/my_robot_interfaces:/home/johnfranco/ros2_ws/install/my_robot_bringup_gaz:/home/johnfranco/ros2_ws/install/my_robot_description:/home/johnfranco/ros2_ws/install/my_cpp_pkg:/home/johnfranco/turtlebot3_ws/install/turtlebot3_simulations:/home/johnfranco/turtlebot3_ws/install/turtlebot3_gazebo:/home/johnfranco/turtlebot3_ws/install/turtlebot3_fake_node:/home/johnfranco/ros2_ws/install/turtlesim_catch:/home/johnfranco/ros2_ws/install/my_py_pkg:/opt/ros/humble /usr/bin/cmake --install /home/johnfranco/Diferencial_ws/src/build/diferencial_bringup
