-- Install configuration: ""
-- Up-to-date: /home/johnfranco/Diferencial_ws/src/install/diferencial_description/share/diferencial_description//urdf
-- Up-to-date: /home/johnfranco/Diferencial_ws/src/install/diferencial_description/share/diferencial_description//urdf/robot_diferencial.xacro
-- Installing: /home/johnfranco/Diferencial_ws/src/install/diferencial_description/share/diferencial_description//urdf/lidar_scan_listener.py
-- Up-to-date: /home/johnfranco/Diferencial_ws/src/install/diferencial_description/share/diferencial_description//urdf/controller2.py
-- Installing: /home/johnfranco/Diferencial_ws/src/install/diferencial_description/share/diferencial_description//urdf/data_py.txt
-- Up-to-date: /home/johnfranco/Diferencial_ws/src/install/diferencial_description/share/diferencial_description//urdf/robot_diferencial_gazebo.xacro
-- Up-to-date: /home/johnfranco/Diferencial_ws/src/install/diferencial_description/share/diferencial_description//urdf/common_properties.xacro
-- Up-to-date: /home/johnfranco/Diferencial_ws/src/install/diferencial_description/share/diferencial_description//urdf/controller.xacro
-- Up-to-date: /home/johnfranco/Diferencial_ws/src/install/diferencial_description/share/diferencial_description//urdf/camera.xacro
-- Up-to-date: /home/johnfranco/Diferencial_ws/src/install/diferencial_description/share/diferencial_description//urdf/diferencial.urdf.xacro
-- Up-to-date: /home/johnfranco/Diferencial_ws/src/install/diferencial_description/share/diferencial_description//urdf/lidar.xacro
-- Up-to-date: /home/johnfranco/Diferencial_ws/src/install/diferencial_description/share/diferencial_description//launch
-- Up-to-date: /home/johnfranco/Diferencial_ws/src/install/diferencial_description/share/diferencial_description//launch/display.launch.xml
-- Up-to-date: /home/johnfranco/Diferencial_ws/src/install/diferencial_description/share/diferencial_description//rviz
-- Up-to-date: /home/johnfranco/Diferencial_ws/src/install/diferencial_description/share/diferencial_description//rviz/urdf_config.rviz
-- Up-to-date: /home/johnfranco/Diferencial_ws/src/install/diferencial_description/share/ament_index/resource_index/package_run_dependencies/diferencial_description
-- Up-to-date: /home/johnfranco/Diferencial_ws/src/install/diferencial_description/share/ament_index/resource_index/parent_prefix_path/diferencial_description
-- Up-to-date: /home/johnfranco/Diferencial_ws/src/install/diferencial_description/share/diferencial_description/environment/ament_prefix_path.sh
-- Up-to-date: /home/johnfranco/Diferencial_ws/src/install/diferencial_description/share/diferencial_description/environment/ament_prefix_path.dsv
-- Up-to-date: /home/johnfranco/Diferencial_ws/src/install/diferencial_description/share/diferencial_description/environment/path.sh
-- Up-to-date: /home/johnfranco/Diferencial_ws/src/install/diferencial_description/share/diferencial_description/environment/path.dsv
-- Up-to-date: /home/johnfranco/Diferencial_ws/src/install/diferencial_description/share/diferencial_description/local_setup.bash
-- Up-to-date: /home/johnfranco/Diferencial_ws/src/install/diferencial_description/share/diferencial_description/local_setup.sh
-- Up-to-date: /home/johnfranco/Diferencial_ws/src/install/diferencial_description/share/diferencial_description/local_setup.zsh
-- Up-to-date: /home/johnfranco/Diferencial_ws/src/install/diferencial_description/share/diferencial_description/local_setup.dsv
-- Up-to-date: /home/johnfranco/Diferencial_ws/src/install/diferencial_description/share/diferencial_description/package.dsv
-- Up-to-date: /home/johnfranco/Diferencial_ws/src/install/diferencial_description/share/ament_index/resource_index/packages/diferencial_description
-- Up-to-date: /home/johnfranco/Diferencial_ws/src/install/diferencial_description/share/diferencial_description/cmake/diferencial_descriptionConfig.cmake
-- Up-to-date: /home/johnfranco/Diferencial_ws/src/install/diferencial_description/share/diferencial_description/cmake/diferencial_descriptionConfig-version.cmake
-- Up-to-date: /home/johnfranco/Diferencial_ws/src/install/diferencial_description/share/diferencial_description/package.xml
