[0.018s] Invoking command in '/home/johnfranco/Diferencial_ws/src/build/diferencial_bringup': AMENT_PREFIX_PATH=/home/johnfranco/Diferencial_ws/src/install/diferencial_description:${AMENT_PREFIX_PATH} CMAKE_PREFIX_PATH=/home/johnfranco/Diferencial_ws/src/install/diferencial_description:/home/johnfranco/Diferencial_ws/install/diferencial_bringup:/home/johnfranco/Diferencial_ws/install/diferencial_description:/home/johnfranco/Diferencial_ws/install/diferencial_controller:/home/johnfranco/Diferencial_ws/install/diferencial_cartographer:/home/johnfranco/ros2_ws/install/my_robot_bringup:/home/johnfranco/ros2_ws/install/my_robot_interfaces:/home/johnfranco/ros2_ws/install/my_robot_bringup_gaz:/home/johnfranco/ros2_ws/install/my_robot_description:/home/johnfranco/ros2_ws/install/my_cpp_pkg:/home/johnfranco/turtlebot3_ws/install/turtlebot3_simulations:/home/johnfranco/turtlebot3_ws/install/turtlebot3_gazebo:/home/johnfranco/turtlebot3_ws/install/turtlebot3_fake_node:/home/johnfranco/ros2_ws/install/turtlesim_catch:/home/johnfranco/ros2_ws/install/my_py_pkg:/opt/ros/humble /usr/bin/cmake --build /home/johnfranco/Diferencial_ws/src/build/diferencial_bringup -- -j4 -l4
[0.086s] Invoked command in '/home/johnfranco/Diferencial_ws/src/build/diferencial_bringup' returned '0': AMENT_PREFIX_PATH=/home/johnfranco/Diferencial_ws/src/install/diferencial_description:${AMENT_PREFIX_PATH} CMAKE_PREFIX_PATH=/home/johnfranco/Diferencial_ws/src/install/diferencial_description:/home/johnfranco/Diferencial_ws/install/diferencial_bringup:/home/johnfranco/Diferencial_ws/install/diferencial_description:/home/johnfranco/Diferencial_ws/install/diferencial_controller:/home/johnfranco/Diferencial_ws/install/diferencial_cartographer:/home/johnfranco/ros2_ws/install/my_robot_bringup:/home/johnfranco/ros2_ws/install/my_robot_interfaces:/home/johnfranco/ros2_ws/install/my_robot_bringup_gaz:/home/johnfranco/ros2_ws/install/my_robot_description:/home/johnfranco/ros2_ws/install/my_cpp_pkg:/home/johnfranco/turtlebot3_ws/install/turtlebot3_simulations:/home/johnfranco/turtlebot3_ws/install/turtlebot3_gazebo:/home/johnfranco/turtlebot3_ws/install/turtlebot3_fake_node:/home/johnfranco/ros2_ws/install/turtlesim_catch:/home/johnfranco/ros2_ws/install/my_py_pkg:/opt/ros/humble /usr/bin/cmake --build /home/johnfranco/Diferencial_ws/src/build/diferencial_bringup -- -j4 -l4
[0.127s] Invoking command in '/home/johnfranco/Diferencial_ws/src/build/diferencial_bringup': AMENT_PREFIX_PATH=/home/johnfranco/Diferencial_ws/src/install/diferencial_description:${AMENT_PREFIX_PATH} CMAKE_PREFIX_PATH=/home/johnfranco/Diferencial_ws/src/install/diferencial_description:/home/johnfranco/Diferencial_ws/install/diferencial_bringup:/home/johnfranco/Diferencial_ws/install/diferencial_description:/home/johnfranco/Diferencial_ws/install/diferencial_controller:/home/johnfranco/Diferencial_ws/install/diferencial_cartographer:/home/johnfranco/ros2_ws/install/my_robot_bringup:/home/johnfranco/ros2_ws/install/my_robot_interfaces:/home/johnfranco/ros2_ws/install/my_robot_bringup_gaz:/home/johnfranco/ros2_ws/install/my_robot_description:/home/johnfranco/ros2_ws/install/my_cpp_pkg:/home/johnfranco/turtlebot3_ws/install/turtlebot3_simulations:/home/johnfranco/turtlebot3_ws/install/turtlebot3_gazebo:/home/johnfranco/turtlebot3_ws/install/turtlebot3_fake_node:/home/johnfranco/ros2_ws/install/turtlesim_catch:/home/johnfranco/ros2_ws/install/my_py_pkg:/opt/ros/humble /usr/bin/cmake --install /home/johnfranco/Diferencial_ws/src/build/diferencial_bringup
[0.140s] -- Install configuration: ""
[0.140s] -- Up-to-date: /home/johnfranco/Diferencial_ws/src/install/diferencial_bringup/share/diferencial_bringup//launch
[0.140s] -- Up-to-date: /home/johnfranco/Diferencial_ws/src/install/diferencial_bringup/share/diferencial_bringup//launch/diferencial_gazebo2.launch.py
[0.140s] -- Up-to-date: /home/johnfranco/Diferencial_ws/src/install/diferencial_bringup/share/diferencial_bringup//launch/turtlebot3_maze.launch.py
[0.141s] -- Up-to-date: /home/johnfranco/Diferencial_ws/src/install/diferencial_bringup/share/diferencial_bringup//launch/diferencial_gazebo.launch.py
[0.141s] -- Up-to-date: /home/johnfranco/Diferencial_ws/src/install/diferencial_bringup/share/diferencial_bringup//launch/diferencial_gazebo.launch.xml
[0.141s] -- Up-to-date: /home/johnfranco/Diferencial_ws/src/install/diferencial_bringup/share/diferencial_bringup//rviz
[0.141s] -- Up-to-date: /home/johnfranco/Diferencial_ws/src/install/diferencial_bringup/share/diferencial_bringup//rviz/urdf_config.rviz
[0.142s] -- Up-to-date: /home/johnfranco/Diferencial_ws/src/install/diferencial_bringup/share/diferencial_bringup//worlds
[0.142s] -- Up-to-date: /home/johnfranco/Diferencial_ws/src/install/diferencial_bringup/share/diferencial_bringup//worlds/Trayectoria.world
[0.142s] -- Up-to-date: /home/johnfranco/Diferencial_ws/src/install/diferencial_bringup/share/diferencial_bringup//worlds/UPIITA.world
[0.143s] -- Up-to-date: /home/johnfranco/Diferencial_ws/src/install/diferencial_bringup/share/ament_index/resource_index/package_run_dependencies/diferencial_bringup
[0.144s] -- Up-to-date: /home/johnfranco/Diferencial_ws/src/install/diferencial_bringup/share/ament_index/resource_index/parent_prefix_path/diferencial_bringup
[0.144s] -- Up-to-date: /home/johnfranco/Diferencial_ws/src/install/diferencial_bringup/share/diferencial_bringup/environment/ament_prefix_path.sh
[0.144s] -- Up-to-date: /home/johnfranco/Diferencial_ws/src/install/diferencial_bringup/share/diferencial_bringup/environment/ament_prefix_path.dsv
[0.144s] -- Up-to-date: /home/johnfranco/Diferencial_ws/src/install/diferencial_bringup/share/diferencial_bringup/environment/path.sh
[0.144s] -- Up-to-date: /home/johnfranco/Diferencial_ws/src/install/diferencial_bringup/share/diferencial_bringup/environment/path.dsv
[0.145s] -- Up-to-date: /home/johnfranco/Diferencial_ws/src/install/diferencial_bringup/share/diferencial_bringup/local_setup.bash
[0.145s] -- Up-to-date: /home/johnfranco/Diferencial_ws/src/install/diferencial_bringup/share/diferencial_bringup/local_setup.sh
[0.145s] -- Up-to-date: /home/johnfranco/Diferencial_ws/src/install/diferencial_bringup/share/diferencial_bringup/local_setup.zsh
[0.145s] -- Up-to-date: /home/johnfranco/Diferencial_ws/src/install/diferencial_bringup/share/diferencial_bringup/local_setup.dsv
[0.145s] -- Installing: /home/johnfranco/Diferencial_ws/src/install/diferencial_bringup/share/diferencial_bringup/package.dsv
[0.145s] -- Up-to-date: /home/johnfranco/Diferencial_ws/src/install/diferencial_bringup/share/ament_index/resource_index/packages/diferencial_bringup
[0.145s] -- Up-to-date: /home/johnfranco/Diferencial_ws/src/install/diferencial_bringup/share/diferencial_bringup/cmake/diferencial_bringupConfig.cmake
[0.145s] -- Up-to-date: /home/johnfranco/Diferencial_ws/src/install/diferencial_bringup/share/diferencial_bringup/cmake/diferencial_bringupConfig-version.cmake
[0.145s] -- Up-to-date: /home/johnfranco/Diferencial_ws/src/install/diferencial_bringup/share/diferencial_bringup/package.xml
[0.148s] Invoked command in '/home/johnfranco/Diferencial_ws/src/build/diferencial_bringup' returned '0': AMENT_PREFIX_PATH=/home/johnfranco/Diferencial_ws/src/install/diferencial_description:${AMENT_PREFIX_PATH} CMAKE_PREFIX_PATH=/home/johnfranco/Diferencial_ws/src/install/diferencial_description:/home/johnfranco/Diferencial_ws/install/diferencial_bringup:/home/johnfranco/Diferencial_ws/install/diferencial_description:/home/johnfranco/Diferencial_ws/install/diferencial_controller:/home/johnfranco/Diferencial_ws/install/diferencial_cartographer:/home/johnfranco/ros2_ws/install/my_robot_bringup:/home/johnfranco/ros2_ws/install/my_robot_interfaces:/home/johnfranco/ros2_ws/install/my_robot_bringup_gaz:/home/johnfranco/ros2_ws/install/my_robot_description:/home/johnfranco/ros2_ws/install/my_cpp_pkg:/home/johnfranco/turtlebot3_ws/install/turtlebot3_simulations:/home/johnfranco/turtlebot3_ws/install/turtlebot3_gazebo:/home/johnfranco/turtlebot3_ws/install/turtlebot3_fake_node:/home/johnfranco/ros2_ws/install/turtlesim_catch:/home/johnfranco/ros2_ws/install/my_py_pkg:/opt/ros/humble /usr/bin/cmake --install /home/johnfranco/Diferencial_ws/src/build/diferencial_bringup
