[0.102s] Invoking command in '/home/johnfranco/Diferencial_ws/src/build/diferencial_description': CMAKE_PREFIX_PATH=${CMAKE_PREFIX_PATH}:/home/johnfranco/ros2_ws/install/turtlesim_catch:/home/johnfranco/ros2_ws/install/my_py_pkg:/opt/ros/humble /usr/bin/cmake /home/johnfranco/Diferencial_ws/src/diferencial_description -DCMAKE_INSTALL_PREFIX=/home/johnfranco/Diferencial_ws/src/install/diferencial_description
[1.478s] -- The C compiler identification is GNU 11.4.0
[2.054s] -- The CXX compiler identification is GNU 11.4.0
[2.088s] -- Detecting C compiler ABI info
[2.268s] -- Detecting C compiler ABI info - done
[2.282s] -- Check for working C compiler: /usr/bin/cc - skipped
[2.282s] -- Detecting C compile features
[2.323s] -- Detecting C compile features - done
[2.329s] -- Detecting CXX compiler ABI info
[2.583s] -- Detecting CXX compiler ABI info - done
[2.594s] -- Check for working CXX compiler: /usr/bin/c++ - skipped
[2.595s] -- Detecting CXX compile features
[2.595s] -- Detecting CXX compile features - done
[2.900s] -- Found ament_cmake: 1.3.10 (/opt/ros/humble/share/ament_cmake/cmake)
[3.452s] -- Found Python3: /usr/bin/python3 (found version "3.10.12") found components: Interpreter 
[3.920s] -- Configuring done
[3.930s] -- Generating done
[3.930s] -- Build files have been written to: /home/johnfranco/Diferencial_ws/src/build/diferencial_description
[3.943s] Invoked command in '/home/johnfranco/Diferencial_ws/src/build/diferencial_description' returned '0': CMAKE_PREFIX_PATH=${CMAKE_PREFIX_PATH}:/home/johnfranco/ros2_ws/install/turtlesim_catch:/home/johnfranco/ros2_ws/install/my_py_pkg:/opt/ros/humble /usr/bin/cmake /home/johnfranco/Diferencial_ws/src/diferencial_description -DCMAKE_INSTALL_PREFIX=/home/johnfranco/Diferencial_ws/src/install/diferencial_description
[3.944s] Invoking command in '/home/johnfranco/Diferencial_ws/src/build/diferencial_description': CMAKE_PREFIX_PATH=${CMAKE_PREFIX_PATH}:/home/johnfranco/ros2_ws/install/turtlesim_catch:/home/johnfranco/ros2_ws/install/my_py_pkg:/opt/ros/humble /usr/bin/cmake --build /home/johnfranco/Diferencial_ws/src/build/diferencial_description -- -j4 -l4
[4.006s] Invoked command in '/home/johnfranco/Diferencial_ws/src/build/diferencial_description' returned '0': CMAKE_PREFIX_PATH=${CMAKE_PREFIX_PATH}:/home/johnfranco/ros2_ws/install/turtlesim_catch:/home/johnfranco/ros2_ws/install/my_py_pkg:/opt/ros/humble /usr/bin/cmake --build /home/johnfranco/Diferencial_ws/src/build/diferencial_description -- -j4 -l4
[4.054s] Invoking command in '/home/johnfranco/Diferencial_ws/src/build/diferencial_description': CMAKE_PREFIX_PATH=${CMAKE_PREFIX_PATH}:/home/johnfranco/ros2_ws/install/turtlesim_catch:/home/johnfranco/ros2_ws/install/my_py_pkg:/opt/ros/humble /usr/bin/cmake --install /home/johnfranco/Diferencial_ws/src/build/diferencial_description
[4.069s] -- Install configuration: ""
[4.070s] -- Installing: /home/johnfranco/Diferencial_ws/src/install/diferencial_description/share/diferencial_description//urdf
[4.070s] -- Installing: /home/johnfranco/Diferencial_ws/src/install/diferencial_description/share/diferencial_description//urdf/robot_diferencial.xacro
[4.102s] -- Installing: /home/johnfranco/Diferencial_ws/src/install/diferencial_description/share/diferencial_description//urdf/lidar_scan_listener.py
[4.103s] -- Installing: /home/johnfranco/Diferencial_ws/src/install/diferencial_description/share/diferencial_description//urdf/controller2.py
[4.103s] -- Installing: /home/johnfranco/Diferencial_ws/src/install/diferencial_description/share/diferencial_description//urdf/data_py.txt
[4.153s] -- Installing: /home/johnfranco/Diferencial_ws/src/install/diferencial_description/share/diferencial_description//urdf/robot_diferencial_gazebo.xacro
[4.188s] -- Installing: /home/johnfranco/Diferencial_ws/src/install/diferencial_description/share/diferencial_description//urdf/common_properties.xacro
[4.219s] -- Installing: /home/johnfranco/Diferencial_ws/src/install/diferencial_description/share/diferencial_description//urdf/controller.xacro
[4.219s] -- Installing: /home/johnfranco/Diferencial_ws/src/install/diferencial_description/share/diferencial_description//urdf/camera.xacro
[4.246s] -- Installing: /home/johnfranco/Diferencial_ws/src/install/diferencial_description/share/diferencial_description//urdf/diferencial.urdf.xacro
[4.246s] -- Installing: /home/johnfranco/Diferencial_ws/src/install/diferencial_description/share/diferencial_description//urdf/lidar.xacro
[4.251s] -- Installing: /home/johnfranco/Diferencial_ws/src/install/diferencial_description/share/diferencial_description//launch
[4.251s] -- Installing: /home/johnfranco/Diferencial_ws/src/install/diferencial_description/share/diferencial_description//launch/display.launch.xml
[4.252s] -- Installing: /home/johnfranco/Diferencial_ws/src/install/diferencial_description/share/diferencial_description//rviz
[4.252s] -- Installing: /home/johnfranco/Diferencial_ws/src/install/diferencial_description/share/diferencial_description//rviz/urdf_config.rviz
[4.273s] -- Installing: /home/johnfranco/Diferencial_ws/src/install/diferencial_description/share/ament_index/resource_index/package_run_dependencies/diferencial_description
[4.273s] -- Installing: /home/johnfranco/Diferencial_ws/src/install/diferencial_description/share/ament_index/resource_index/parent_prefix_path/diferencial_description
[4.273s] -- Installing: /home/johnfranco/Diferencial_ws/src/install/diferencial_description/share/diferencial_description/environment/ament_prefix_path.sh
[4.274s] -- Installing: /home/johnfranco/Diferencial_ws/src/install/diferencial_description/share/diferencial_description/environment/ament_prefix_path.dsv
[4.274s] -- Installing: /home/johnfranco/Diferencial_ws/src/install/diferencial_description/share/diferencial_description/environment/path.sh
[4.274s] -- Installing: /home/johnfranco/Diferencial_ws/src/install/diferencial_description/share/diferencial_description/environment/path.dsv
[4.274s] -- Installing: /home/johnfranco/Diferencial_ws/src/install/diferencial_description/share/diferencial_description/local_setup.bash
[4.275s] -- Installing: /home/johnfranco/Diferencial_ws/src/install/diferencial_description/share/diferencial_description/local_setup.sh
[4.275s] -- Installing: /home/johnfranco/Diferencial_ws/src/install/diferencial_description/share/diferencial_description/local_setup.zsh
[4.275s] -- Installing: /home/johnfranco/Diferencial_ws/src/install/diferencial_description/share/diferencial_description/local_setup.dsv
[4.275s] -- Installing: /home/johnfranco/Diferencial_ws/src/install/diferencial_description/share/diferencial_description/package.dsv
[4.276s] -- Installing: /home/johnfranco/Diferencial_ws/src/install/diferencial_description/share/ament_index/resource_index/packages/diferencial_description
[4.276s] -- Installing: /home/johnfranco/Diferencial_ws/src/install/diferencial_description/share/diferencial_description/cmake/diferencial_descriptionConfig.cmake
[4.276s] -- Installing: /home/johnfranco/Diferencial_ws/src/install/diferencial_description/share/diferencial_description/cmake/diferencial_descriptionConfig-version.cmake
[4.277s] -- Installing: /home/johnfranco/Diferencial_ws/src/install/diferencial_description/share/diferencial_description/package.xml
[4.431s] Invoked command in '/home/johnfranco/Diferencial_ws/src/build/diferencial_description' returned '0': CMAKE_PREFIX_PATH=${CMAKE_PREFIX_PATH}:/home/johnfranco/ros2_ws/install/turtlesim_catch:/home/johnfranco/ros2_ws/install/my_py_pkg:/opt/ros/humble /usr/bin/cmake --install /home/johnfranco/Diferencial_ws/src/build/diferencial_description
