-- Install configuration: ""
-- Up-to-date: /home/johnfranco/Diferencial_ws/src/install/diferencial_controller/share/diferencial_controller//config
-- Up-to-date: /home/johnfranco/Diferencial_ws/src/install/diferencial_controller/share/diferencial_controller//config/trayectoria2.yaml
-- Up-to-date: /home/johnfranco/Diferencial_ws/src/install/diferencial_controller/share/diferencial_controller//config/trayectoria2.pgm
-- Up-to-date: /home/johnfranco/Diferencial_ws/src/install/diferencial_controller/share/diferencial_controller//config/trayectoria.pgm
-- Up-to-date: /home/johnfranco/Diferencial_ws/src/install/diferencial_controller/share/diferencial_controller//config/trayectoria.yaml
-- Up-to-date: /home/johnfranco/Diferencial_ws/src/install/diferencial_controller/share/ament_index/resource_index/package_run_dependencies/diferencial_controller
-- Up-to-date: /home/johnfranco/Diferencial_ws/src/install/diferencial_controller/share/ament_index/resource_index/parent_prefix_path/diferencial_controller
-- Up-to-date: /home/johnfranco/Diferencial_ws/src/install/diferencial_controller/share/diferencial_controller/environment/ament_prefix_path.sh
-- Up-to-date: /home/johnfranco/Diferencial_ws/src/install/diferencial_controller/share/diferencial_controller/environment/ament_prefix_path.dsv
-- Up-to-date: /home/johnfranco/Diferencial_ws/src/install/diferencial_controller/share/diferencial_controller/environment/path.sh
-- Up-to-date: /home/johnfranco/Diferencial_ws/src/install/diferencial_controller/share/diferencial_controller/environment/path.dsv
-- Up-to-date: /home/johnfranco/Diferencial_ws/src/install/diferencial_controller/share/diferencial_controller/local_setup.bash
-- Up-to-date: /home/johnfranco/Diferencial_ws/src/install/diferencial_controller/share/diferencial_controller/local_setup.sh
-- Up-to-date: /home/johnfranco/Diferencial_ws/src/install/diferencial_controller/share/diferencial_controller/local_setup.zsh
-- Up-to-date: /home/johnfranco/Diferencial_ws/src/install/diferencial_controller/share/diferencial_controller/local_setup.dsv
-- Up-to-date: /home/johnfranco/Diferencial_ws/src/install/diferencial_controller/share/diferencial_controller/package.dsv
-- Up-to-date: /home/johnfranco/Diferencial_ws/src/install/diferencial_controller/share/ament_index/resource_index/packages/diferencial_controller
-- Up-to-date: /home/johnfranco/Diferencial_ws/src/install/diferencial_controller/share/diferencial_controller/cmake/diferencial_controllerConfig.cmake
-- Up-to-date: /home/johnfranco/Diferencial_ws/src/install/diferencial_controller/share/diferencial_controller/cmake/diferencial_controllerConfig-version.cmake
-- Up-to-date: /home/johnfranco/Diferencial_ws/src/install/diferencial_controller/share/diferencial_controller/package.xml
