[0.039s] Invoking command in '/home/johnfranco/Diferencial_ws/src/build/diferencial_controller': CMAKE_PREFIX_PATH=${CMAKE_PREFIX_PATH}:/home/johnfranco/ros2_ws/install/turtlesim_catch:/home/johnfranco/ros2_ws/install/my_py_pkg:/opt/ros/humble /usr/bin/cmake /home/johnfranco/Diferencial_ws/src/diferencial_controller -DCMAKE_INSTALL_PREFIX=/home/johnfranco/Diferencial_ws/src/install/diferencial_controller
[1.412s] -- The C compiler identification is GNU 11.4.0
[1.981s] -- The CXX compiler identification is GNU 11.4.0
[2.013s] -- Detecting C compiler ABI info
[2.213s] -- Detecting C compiler ABI info - done
[2.227s] -- Check for working C compiler: /usr/bin/cc - skipped
[2.227s] -- Detecting C compile features
[2.250s] -- Detecting C compile features - done
[2.259s] -- Detecting CXX compiler ABI info
[2.509s] -- Detecting CXX compiler ABI info - done
[2.523s] -- Check for working CXX compiler: /usr/bin/c++ - skipped
[2.524s] -- Detecting CXX compile features
[2.524s] -- Detecting CXX compile features - done
[2.826s] -- Found ament_cmake: 1.3.10 (/opt/ros/humble/share/ament_cmake/cmake)
[3.378s] -- Found Python3: /usr/bin/python3 (found version "3.10.12") found components: Interpreter 
[3.682s] -- Found ament_lint_auto: 0.12.11 (/opt/ros/humble/share/ament_lint_auto/cmake)
[4.079s] -- Added test 'lint_cmake' to check CMake code style
[4.121s] -- Added test 'xmllint' to check XML markup files
[4.125s] -- Configuring done
[4.132s] -- Generating done
[4.134s] -- Build files have been written to: /home/johnfranco/Diferencial_ws/src/build/diferencial_controller
[4.380s] Invoked command in '/home/johnfranco/Diferencial_ws/src/build/diferencial_controller' returned '0': CMAKE_PREFIX_PATH=${CMAKE_PREFIX_PATH}:/home/johnfranco/ros2_ws/install/turtlesim_catch:/home/johnfranco/ros2_ws/install/my_py_pkg:/opt/ros/humble /usr/bin/cmake /home/johnfranco/Diferencial_ws/src/diferencial_controller -DCMAKE_INSTALL_PREFIX=/home/johnfranco/Diferencial_ws/src/install/diferencial_controller
[4.383s] Invoking command in '/home/johnfranco/Diferencial_ws/src/build/diferencial_controller': CMAKE_PREFIX_PATH=${CMAKE_PREFIX_PATH}:/home/johnfranco/ros2_ws/install/turtlesim_catch:/home/johnfranco/ros2_ws/install/my_py_pkg:/opt/ros/humble /usr/bin/cmake --build /home/johnfranco/Diferencial_ws/src/build/diferencial_controller -- -j4 -l4
[4.454s] Invoked command in '/home/johnfranco/Diferencial_ws/src/build/diferencial_controller' returned '0': CMAKE_PREFIX_PATH=${CMAKE_PREFIX_PATH}:/home/johnfranco/ros2_ws/install/turtlesim_catch:/home/johnfranco/ros2_ws/install/my_py_pkg:/opt/ros/humble /usr/bin/cmake --build /home/johnfranco/Diferencial_ws/src/build/diferencial_controller -- -j4 -l4
[4.489s] Invoking command in '/home/johnfranco/Diferencial_ws/src/build/diferencial_controller': CMAKE_PREFIX_PATH=${CMAKE_PREFIX_PATH}:/home/johnfranco/ros2_ws/install/turtlesim_catch:/home/johnfranco/ros2_ws/install/my_py_pkg:/opt/ros/humble /usr/bin/cmake --install /home/johnfranco/Diferencial_ws/src/build/diferencial_controller
[4.504s] -- Install configuration: ""
[4.504s] -- Installing: /home/johnfranco/Diferencial_ws/src/install/diferencial_controller/share/diferencial_controller//config
[4.504s] -- Installing: /home/johnfranco/Diferencial_ws/src/install/diferencial_controller/share/diferencial_controller//config/trayectoria2.yaml
[4.614s] -- Installing: /home/johnfranco/Diferencial_ws/src/install/diferencial_controller/share/diferencial_controller//config/trayectoria2.pgm
[4.663s] -- Installing: /home/johnfranco/Diferencial_ws/src/install/diferencial_controller/share/diferencial_controller//config/trayectoria.pgm
[4.670s] -- Installing: /home/johnfranco/Diferencial_ws/src/install/diferencial_controller/share/diferencial_controller//config/trayectoria.yaml
[4.702s] -- Installing: /home/johnfranco/Diferencial_ws/src/install/diferencial_controller/share/ament_index/resource_index/package_run_dependencies/diferencial_controller
[4.702s] -- Installing: /home/johnfranco/Diferencial_ws/src/install/diferencial_controller/share/ament_index/resource_index/parent_prefix_path/diferencial_controller
[4.703s] -- Installing: /home/johnfranco/Diferencial_ws/src/install/diferencial_controller/share/diferencial_controller/environment/ament_prefix_path.sh
[4.704s] -- Installing: /home/johnfranco/Diferencial_ws/src/install/diferencial_controller/share/diferencial_controller/environment/ament_prefix_path.dsv
[4.704s] -- Installing: /home/johnfranco/Diferencial_ws/src/install/diferencial_controller/share/diferencial_controller/environment/path.sh
[4.705s] -- Installing: /home/johnfranco/Diferencial_ws/src/install/diferencial_controller/share/diferencial_controller/environment/path.dsv
[4.705s] -- Installing: /home/johnfranco/Diferencial_ws/src/install/diferencial_controller/share/diferencial_controller/local_setup.bash
[4.705s] -- Installing: /home/johnfranco/Diferencial_ws/src/install/diferencial_controller/share/diferencial_controller/local_setup.sh
[4.705s] -- Installing: /home/johnfranco/Diferencial_ws/src/install/diferencial_controller/share/diferencial_controller/local_setup.zsh
[4.706s] -- Installing: /home/johnfranco/Diferencial_ws/src/install/diferencial_controller/share/diferencial_controller/local_setup.dsv
[4.706s] -- Installing: /home/johnfranco/Diferencial_ws/src/install/diferencial_controller/share/diferencial_controller/package.dsv
[4.706s] -- Installing: /home/johnfranco/Diferencial_ws/src/install/diferencial_controller/share/ament_index/resource_index/packages/diferencial_controller
[4.706s] -- Installing: /home/johnfranco/Diferencial_ws/src/install/diferencial_controller/share/diferencial_controller/cmake/diferencial_controllerConfig.cmake
[4.706s] -- Installing: /home/johnfranco/Diferencial_ws/src/install/diferencial_controller/share/diferencial_controller/cmake/diferencial_controllerConfig-version.cmake
[4.707s] -- Installing: /home/johnfranco/Diferencial_ws/src/install/diferencial_controller/share/diferencial_controller/package.xml
[4.710s] Invoked command in '/home/johnfranco/Diferencial_ws/src/build/diferencial_controller' returned '0': CMAKE_PREFIX_PATH=${CMAKE_PREFIX_PATH}:/home/johnfranco/ros2_ws/install/turtlesim_catch:/home/johnfranco/ros2_ws/install/my_py_pkg:/opt/ros/humble /usr/bin/cmake --install /home/johnfranco/Diferencial_ws/src/build/diferencial_controller
