-- Install configuration: ""
-- Up-to-date: /home/johnfranco/Diferencial_ws/src/install/diferencial_cartographer/share/diferencial_cartographer//launch
-- Up-to-date: /home/johnfranco/Diferencial_ws/src/install/diferencial_cartographer/share/diferencial_cartographer//launch/occupancy_grid.launch.py
-- Up-to-date: /home/johnfranco/Diferencial_ws/src/install/diferencial_cartographer/share/diferencial_cartographer//launch/cartographer.launch.py
-- Up-to-date: /home/johnfranco/Diferencial_ws/src/install/diferencial_cartographer/share/diferencial_cartographer//config
-- Up-to-date: /home/johnfranco/Diferencial_ws/src/install/diferencial_cartographer/share/diferencial_cartographer//config/diferencial_lds_2d.lua
-- Up-to-date: /home/johnfranco/Diferencial_ws/src/install/diferencial_cartographer/share/diferencial_cartographer//rviz
-- Up-to-date: /home/johnfranco/Diferencial_ws/src/install/diferencial_cartographer/share/diferencial_cartographer//rviz/diferencial_cartographer.rviz
-- Up-to-date: /home/johnfranco/Diferencial_ws/src/install/diferencial_cartographer/share/ament_index/resource_index/package_run_dependencies/diferencial_cartographer
-- Up-to-date: /home/johnfranco/Diferencial_ws/src/install/diferencial_cartographer/share/ament_index/resource_index/parent_prefix_path/diferencial_cartographer
-- Up-to-date: /home/johnfranco/Diferencial_ws/src/install/diferencial_cartographer/share/diferencial_cartographer/environment/ament_prefix_path.sh
-- Up-to-date: /home/johnfranco/Diferencial_ws/src/install/diferencial_cartographer/share/diferencial_cartographer/environment/ament_prefix_path.dsv
-- Up-to-date: /home/johnfranco/Diferencial_ws/src/install/diferencial_cartographer/share/diferencial_cartographer/environment/path.sh
-- Up-to-date: /home/johnfranco/Diferencial_ws/src/install/diferencial_cartographer/share/diferencial_cartographer/environment/path.dsv
-- Up-to-date: /home/johnfranco/Diferencial_ws/src/install/diferencial_cartographer/share/diferencial_cartographer/local_setup.bash
-- Up-to-date: /home/johnfranco/Diferencial_ws/src/install/diferencial_cartographer/share/diferencial_cartographer/local_setup.sh
-- Up-to-date: /home/johnfranco/Diferencial_ws/src/install/diferencial_cartographer/share/diferencial_cartographer/local_setup.zsh
-- Up-to-date: /home/johnfranco/Diferencial_ws/src/install/diferencial_cartographer/share/diferencial_cartographer/local_setup.dsv
-- Up-to-date: /home/johnfranco/Diferencial_ws/src/install/diferencial_cartographer/share/diferencial_cartographer/package.dsv
-- Up-to-date: /home/johnfranco/Diferencial_ws/src/install/diferencial_cartographer/share/ament_index/resource_index/packages/diferencial_cartographer
-- Up-to-date: /home/johnfranco/Diferencial_ws/src/install/diferencial_cartographer/share/diferencial_cartographer/cmake/diferencial_cartographerConfig.cmake
-- Up-to-date: /home/johnfranco/Diferencial_ws/src/install/diferencial_cartographer/share/diferencial_cartographer/cmake/diferencial_cartographerConfig-version.cmake
-- Up-to-date: /home/johnfranco/Diferencial_ws/src/install/diferencial_cartographer/share/diferencial_cartographer/package.xml
