[0.050s] Invoking command in '/home/johnfranco/Diferencial_ws/src/build/diferencial_controller': CMAKE_PREFIX_PATH=${CMAKE_PREFIX_PATH}:/home/johnfranco/ros2_ws/install/turtlesim_catch:/home/johnfranco/ros2_ws/install/my_py_pkg:/opt/ros/humble /usr/bin/cmake --build /home/johnfranco/Diferencial_ws/src/build/diferencial_controller -- -j4 -l4
[0.144s] Invoked command in '/home/johnfranco/Diferencial_ws/src/build/diferencial_controller' returned '0': CMAKE_PREFIX_PATH=${CMAKE_PREFIX_PATH}:/home/johnfranco/ros2_ws/install/turtlesim_catch:/home/johnfranco/ros2_ws/install/my_py_pkg:/opt/ros/humble /usr/bin/cmake --build /home/johnfranco/Diferencial_ws/src/build/diferencial_controller -- -j4 -l4
[0.198s] Invoking command in '/home/johnfranco/Diferencial_ws/src/build/diferencial_controller': CMAKE_PREFIX_PATH=${CMAKE_PREFIX_PATH}:/home/johnfranco/ros2_ws/install/turtlesim_catch:/home/johnfranco/ros2_ws/install/my_py_pkg:/opt/ros/humble /usr/bin/cmake --install /home/johnfranco/Diferencial_ws/src/build/diferencial_controller
[0.225s] -- Install configuration: ""
[0.225s] -- Up-to-date: /home/johnfranco/Diferencial_ws/src/install/diferencial_controller/share/diferencial_controller//config
[0.225s] -- Up-to-date: /home/johnfranco/Diferencial_ws/src/install/diferencial_controller/share/diferencial_controller//config/trayectoria2.yaml
[0.225s] -- Up-to-date: /home/johnfranco/Diferencial_ws/src/install/diferencial_controller/share/diferencial_controller//config/trayectoria2.pgm
[0.226s] -- Up-to-date: /home/johnfranco/Diferencial_ws/src/install/diferencial_controller/share/diferencial_controller//config/trayectoria.pgm
[0.226s] -- Up-to-date: /home/johnfranco/Diferencial_ws/src/install/diferencial_controller/share/diferencial_controller//config/trayectoria.yaml
[0.226s] -- Up-to-date: /home/johnfranco/Diferencial_ws/src/install/diferencial_controller/share/ament_index/resource_index/package_run_dependencies/diferencial_controller
[0.226s] -- Up-to-date: /home/johnfranco/Diferencial_ws/src/install/diferencial_controller/share/ament_index/resource_index/parent_prefix_path/diferencial_controller
[0.226s] -- Up-to-date: /home/johnfranco/Diferencial_ws/src/install/diferencial_controller/share/diferencial_controller/environment/ament_prefix_path.sh
[0.226s] -- Up-to-date: /home/johnfranco/Diferencial_ws/src/install/diferencial_controller/share/diferencial_controller/environment/ament_prefix_path.dsv
[0.226s] -- Up-to-date: /home/johnfranco/Diferencial_ws/src/install/diferencial_controller/share/diferencial_controller/environment/path.sh
[0.226s] -- Up-to-date: /home/johnfranco/Diferencial_ws/src/install/diferencial_controller/share/diferencial_controller/environment/path.dsv
[0.226s] -- Up-to-date: /home/johnfranco/Diferencial_ws/src/install/diferencial_controller/share/diferencial_controller/local_setup.bash
[0.227s] -- Up-to-date: /home/johnfranco/Diferencial_ws/src/install/diferencial_controller/share/diferencial_controller/local_setup.sh
[0.227s] -- Up-to-date: /home/johnfranco/Diferencial_ws/src/install/diferencial_controller/share/diferencial_controller/local_setup.zsh
[0.227s] -- Up-to-date: /home/johnfranco/Diferencial_ws/src/install/diferencial_controller/share/diferencial_controller/local_setup.dsv
[0.227s] -- Installing: /home/johnfranco/Diferencial_ws/src/install/diferencial_controller/share/diferencial_controller/package.dsv
[0.227s] -- Up-to-date: /home/johnfranco/Diferencial_ws/src/install/diferencial_controller/share/ament_index/resource_index/packages/diferencial_controller
[0.227s] -- Up-to-date: /home/johnfranco/Diferencial_ws/src/install/diferencial_controller/share/diferencial_controller/cmake/diferencial_controllerConfig.cmake
[0.227s] -- Up-to-date: /home/johnfranco/Diferencial_ws/src/install/diferencial_controller/share/diferencial_controller/cmake/diferencial_controllerConfig-version.cmake
[0.227s] -- Up-to-date: /home/johnfranco/Diferencial_ws/src/install/diferencial_controller/share/diferencial_controller/package.xml
[0.251s] Invoked command in '/home/johnfranco/Diferencial_ws/src/build/diferencial_controller' returned '0': CMAKE_PREFIX_PATH=${CMAKE_PREFIX_PATH}:/home/johnfranco/ros2_ws/install/turtlesim_catch:/home/johnfranco/ros2_ws/install/my_py_pkg:/opt/ros/humble /usr/bin/cmake --install /home/johnfranco/Diferencial_ws/src/build/diferencial_controller
